Arguments: 
  /Users/bconolly/.nvm/versions/node/v8.11.3/bin/node /Users/bconolly/.yarn/bin/yarn.js version

PATH: 
  /Users/bconolly/.yarn/bin:/Users/bconolly/.nvm/versions/node/v8.11.3/bin:/usr/local/bin:/usr/bin:/bin:/usr/sbin:/sbin

Yarn version: 
  1.7.0

Node version: 
  8.11.3

Platform: 
  darwin x64

Trace: 
  Error: canceled
      at Interface.<anonymous> (/Users/bconolly/.yarn/lib/cli.js:131036:13)
      at emitNone (events.js:106:13)
      at Interface.emit (events.js:208:7)
      at Interface._ttyWrite (readline.js:774:16)
      at ReadStream.onkeypress (readline.js:158:10)
      at emitTwo (events.js:126:13)
      at ReadStream.emit (events.js:214:7)
      at emitKeys (internal/readline.js:420:14)
      at emitKeys.next (<anonymous>)
      at ReadStream.onData (readline.js:1010:36)

npm manifest: 
  {
    "name": "sneaky-npm-testing",
    "version": "0.0.0",
    "description": "Testing bolt publishing private packages",
    "main": "index.js",
    "author": "Ben Conolly",
    "license": "MIT",
    "dependencies": {
      "@atlaskit/build-releases": "^2.1.2",
      "bolt": "^0.22.0",
      "cross-spawn": "^6.0.5",
      "npm-cli": "^0.1.0",
      "spawndamnit": "^2.0.0"
    },
    "bolt": {
      "workspaces": [
        "packages/*"
      ]
    },
    "scripts": {
      "changeset": "build-releases changeset",
      "version": "build-releases version",
      "release": "build-releases publish --public"
    }
  }

yarn manifest: 
  No manifest

Lockfile: 
  # THIS IS AN AUTOGENERATED FILE. DO NOT EDIT THIS FILE DIRECTLY.
  # yarn lockfile v1
  
  
  "@atlaskit/build-releases@^2.0.1":
    version "2.1.0"
    resolved "https://registry.yarnpkg.com/@atlaskit/build-releases/-/build-releases-2.1.0.tgz#22742937a647b3da4f45d9d03b356b379a9c069c"
    dependencies:
      "@atlaskit/build-utils" "^2.0.1"
      bolt "^0.20.6"
      boxen "^1.3.0"
      chalk "^2.1.0"
      outdent "^0.5.0"
      semver "^5.4.1"
  
  "@atlaskit/build-releases@^2.1.2":
    version "2.1.2"
    resolved "https://registry.yarnpkg.com/@atlaskit/build-releases/-/build-releases-2.1.2.tgz#0ed72c187b391f0ef604c178e8bd623d373d6e66"
    dependencies:
      "@atlaskit/build-utils" "^2.0.1"
      bolt "^0.21.1"
      boxen "^1.3.0"
      chalk "^2.1.0"
      outdent "^0.5.0"
      semver "^5.4.1"
  
  "@atlaskit/build-utils@^2.0.1":
    version "2.0.1"
    resolved "https://registry.yarnpkg.com/@atlaskit/build-utils/-/build-utils-2.0.1.tgz#e347dfac851eb221009d170035440954f2bdcdbb"
    dependencies:
      "@atlaskit/build-releases" "^2.0.1"
      bitbucket-build-status "^1.0.3"
      chalk "^2.1.0"
      editor "^1.0.0"
      fuzzy "^0.1.3"
      inquirer "^3.3.0"
      inquirer-autocomplete-prompt "^1.0.1"
      inquirer-checkbox-plus-prompt "^1.0.1"
      npm-run "^4.1.2"
      projector-spawn "^1.0.1"
      uuid "^3.1.0"
  
  abbrev@1:
    version "1.1.1"
    resolved "https://registry.yarnpkg.com/abbrev/-/abbrev-1.1.1.tgz#f8f2c887ad10bf67f634f005b6987fed3179aac8"
  
  abbrev@~1.0.9:
    version "1.0.9"
    resolved "https://registry.yarnpkg.com/abbrev/-/abbrev-1.0.9.tgz#91b4792588a7738c25f35dd6f63752a2f8776135"
  
  ajv@^5.3.0:
    version "5.5.2"
    resolved "https://registry.yarnpkg.com/ajv/-/ajv-5.5.2.tgz#73b5eeca3fab653e3d3f9422b341ad42205dc965"
    dependencies:
      co "^4.6.0"
      fast-deep-equal "^1.0.0"
      fast-json-stable-stringify "^2.0.0"
      json-schema-traverse "^0.3.0"
  
  ansi-align@^2.0.0:
    version "2.0.0"
    resolved "https://registry.yarnpkg.com/ansi-align/-/ansi-align-2.0.0.tgz#c36aeccba563b89ceb556f3690f0b1d9e3547f7f"
    dependencies:
      string-width "^2.0.0"
  
  ansi-escapes@^3.0.0:
    version "3.1.0"
    resolved "https://registry.yarnpkg.com/ansi-escapes/-/ansi-escapes-3.1.0.tgz#f73207bb81207d75fd6c83f125af26eea378ca30"
  
  ansi-regex@*, ansi-regex@^3.0.0:
    version "3.0.0"
    resolved "https://registry.yarnpkg.com/ansi-regex/-/ansi-regex-3.0.0.tgz#ed0317c322064f79466c02966bddb605ab37d998"
  
  ansi-regex@^2.0.0:
    version "2.1.1"
    resolved "https://registry.yarnpkg.com/ansi-regex/-/ansi-regex-2.1.1.tgz#c3b33ab5ee360d86e0e628f0468ae7ef27d654df"
  
  ansi-styles@^2.2.1:
    version "2.2.1"
    resolved "https://registry.yarnpkg.com/ansi-styles/-/ansi-styles-2.2.1.tgz#b432dd3358b634cf75e1e4664368240533c1ddbe"
  
  ansi-styles@^3.2.1:
    version "3.2.1"
    resolved "https://registry.yarnpkg.com/ansi-styles/-/ansi-styles-3.2.1.tgz#41fbb20243e50b12be0f04b8dedbf07520ce841d"
    dependencies:
      color-convert "^1.9.0"
  
  ansicolors@~0.3.2:
    version "0.3.2"
    resolved "https://registry.yarnpkg.com/ansicolors/-/ansicolors-0.3.2.tgz#665597de86a9ffe3aa9bfbe6cae5c6ea426b4979"
  
  ansistyles@~0.1.3:
    version "0.1.3"
    resolved "https://registry.yarnpkg.com/ansistyles/-/ansistyles-0.1.3.tgz#5de60415bda071bb37127854c864f41b23254539"
  
  any-promise@^1.3.0:
    version "1.3.0"
    resolved "https://registry.yarnpkg.com/any-promise/-/any-promise-1.3.0.tgz#abc6afeedcea52e809cdc0376aed3ce39635d17f"
  
  aproba@^1.0.3:
    version "1.2.0"
    resolved "https://registry.yarnpkg.com/aproba/-/aproba-1.2.0.tgz#6802e6264efd18c790a1b0d517f0f2627bf2c94a"
  
  aproba@~1.0.4:
    version "1.0.4"
    resolved "https://registry.yarnpkg.com/aproba/-/aproba-1.0.4.tgz#2713680775e7614c8ba186c065d4e2e52d1072c0"
  
  archy@~1.0.0:
    version "1.0.0"
    resolved "https://registry.yarnpkg.com/archy/-/archy-1.0.0.tgz#f9c8c13757cc1dd7bc379ac77b2c62a5c2868c40"
  
  are-we-there-yet@~1.1.2:
    version "1.1.5"
    resolved "https://registry.yarnpkg.com/are-we-there-yet/-/are-we-there-yet-1.1.5.tgz#4b35c2944f062a8bfcda66410760350fe9ddfc21"
    dependencies:
      delegates "^1.0.0"
      readable-stream "^2.0.6"
  
  arr-union@^3.1.0:
    version "3.1.0"
    resolved "https://registry.yarnpkg.com/arr-union/-/arr-union-3.1.0.tgz#e39b09aea9def866a8f206e288af63919bae39c4"
  
  array-differ@^1.0.0:
    version "1.0.0"
    resolved "https://registry.yarnpkg.com/array-differ/-/array-differ-1.0.0.tgz#eff52e3758249d33be402b8bb8e564bb2b5d4031"
  
  array-find-index@^1.0.1:
    version "1.0.2"
    resolved "https://registry.yarnpkg.com/array-find-index/-/array-find-index-1.0.2.tgz#df010aa1287e164bbda6f9723b0a96a1ec4187a1"
  
  array-includes@^3.0.3:
    version "3.0.3"
    resolved "https://registry.yarnpkg.com/array-includes/-/array-includes-3.0.3.tgz#184b48f62d92d7452bb31b323165c7f8bd02266d"
    dependencies:
      define-properties "^1.1.2"
      es-abstract "^1.7.0"
  
  array-index@^1.0.0:
    version "1.0.0"
    resolved "https://registry.yarnpkg.com/array-index/-/array-index-1.0.0.tgz#ec56a749ee103e4e08c790b9c353df16055b97f9"
    dependencies:
      debug "^2.2.0"
      es6-symbol "^3.0.2"
  
  array-union@^1.0.1:
    version "1.0.2"
    resolved "https://registry.yarnpkg.com/array-union/-/array-union-1.0.2.tgz#9a34410e4f4e3da23dea375be5be70f24778ec39"
    dependencies:
      array-uniq "^1.0.1"
  
  array-uniq@^1.0.1:
    version "1.0.3"
    resolved "https://registry.yarnpkg.com/array-uniq/-/array-uniq-1.0.3.tgz#af6ac877a25cc7f74e058894753858dfdb24fdb6"
  
  arrify@^1.0.0, arrify@^1.0.1:
    version "1.0.1"
    resolved "https://registry.yarnpkg.com/arrify/-/arrify-1.0.1.tgz#898508da2226f380df904728456849c1501a4b0d"
  
  asap@^2.0.0, asap@~2.0.5:
    version "2.0.6"
    resolved "https://registry.yarnpkg.com/asap/-/asap-2.0.6.tgz#e50347611d7e690943208bbdafebcbc2fb866d46"
  
  asn1@~0.2.3:
    version "0.2.4"
    resolved "https://registry.yarnpkg.com/asn1/-/asn1-0.2.4.tgz#8d2475dfab553bb33e77b54e59e880bb8ce23136"
    dependencies:
      safer-buffer "~2.1.0"
  
  assert-plus@1.0.0, assert-plus@^1.0.0:
    version "1.0.0"
    resolved "https://registry.yarnpkg.com/assert-plus/-/assert-plus-1.0.0.tgz#f12e0f3c5d77b0b1cdd9146942e4e96c1e4dd525"
  
  assert-plus@^0.2.0:
    version "0.2.0"
    resolved "https://registry.yarnpkg.com/assert-plus/-/assert-plus-0.2.0.tgz#d74e1b87e7affc0db8aadb7021f3fe48101ab234"
  
  async@^1.4.0:
    version "1.5.2"
    resolved "https://registry.yarnpkg.com/async/-/async-1.5.2.tgz#ec6a61ae56480c0c3cb241c95618e20892f9672a"
  
  asynckit@^0.4.0:
    version "0.4.0"
    resolved "https://registry.yarnpkg.com/asynckit/-/asynckit-0.4.0.tgz#c79ed97f7f34cb8f2ba1bc9790bcc366474b4b79"
  
  aws-sign2@~0.6.0:
    version "0.6.0"
    resolved "https://registry.yarnpkg.com/aws-sign2/-/aws-sign2-0.6.0.tgz#14342dd38dbcc94d0e5b87d763cd63612c0e794f"
  
  aws-sign2@~0.7.0:
    version "0.7.0"
    resolved "https://registry.yarnpkg.com/aws-sign2/-/aws-sign2-0.7.0.tgz#b46e890934a9591f2d2f6f86d7e6a9f1b3fe76a8"
  
  aws4@^1.2.1, aws4@^1.8.0:
    version "1.8.0"
    resolved "https://registry.yarnpkg.com/aws4/-/aws4-1.8.0.tgz#f0e003d9ca9e7f59c7a508945d7b2ef9a04a542f"
  
  babel-runtime@^6.25.0:
    version "6.26.0"
    resolved "https://registry.yarnpkg.com/babel-runtime/-/babel-runtime-6.26.0.tgz#965c7058668e82b55d7bfe04ff2337bc8b5647fe"
    dependencies:
      core-js "^2.4.0"
      regenerator-runtime "^0.11.0"
  
  balanced-match@^1.0.0:
    version "1.0.0"
    resolved "https://registry.yarnpkg.com/balanced-match/-/balanced-match-1.0.0.tgz#89b4d199ab2bee49de164ea02b89ce462d71b767"
  
  bcrypt-pbkdf@^1.0.0:
    version "1.0.2"
    resolved "https://registry.yarnpkg.com/bcrypt-pbkdf/-/bcrypt-pbkdf-1.0.2.tgz#a4301d389b6a43f9b67ff3ca11a3f6637e360e9e"
    dependencies:
      tweetnacl "^0.14.3"
  
  bitbucket-build-status@^1.0.3:
    version "1.0.3"
    resolved "https://registry.yarnpkg.com/bitbucket-build-status/-/bitbucket-build-status-1.0.3.tgz#b902e97fc361bbba252ea1e1e83185432e344474"
    dependencies:
      commander "^2.9.0"
      jsonfile "^2.2.3"
      lodash "^3.10.1"
      superagent "^1.4.0"
  
  bl@~1.1.2:
    version "1.1.2"
    resolved "https://registry.yarnpkg.com/bl/-/bl-1.1.2.tgz#fdca871a99713aa00d19e3bbba41c44787a65398"
    dependencies:
      readable-stream "~2.0.5"
  
  block-stream@*:
    version "0.0.9"
    resolved "https://registry.yarnpkg.com/block-stream/-/block-stream-0.0.9.tgz#13ebfe778a03205cfe03751481ebb4b3300c126a"
    dependencies:
      inherits "~2.0.0"
  
  bolt@^0.20.6:
    version "0.20.7"
    resolved "https://registry.yarnpkg.com/bolt/-/bolt-0.20.7.tgz#14cdba3ac7eb783f26eecc17bdfabfaa4900792b"
    dependencies:
      array-includes "^3.0.3"
      babel-runtime "^6.25.0"
      chalk "^2.0.1"
      clean-stack "^1.3.0"
      cmd-shim "^2.0.2"
      cross-spawn "^5.1.0"
      detect-indent "^5.0.0"
      find-up "^2.1.0"
      globby "^6.1.0"
      inquirer "3.3.0"
      is-glob "^4.0.0"
      make-dir "^1.0.0"
      meow "^4.0.0"
      minimatch "^3.0.4"
      multimatch "^2.1.0"
      p-limit "^1.1.0"
      parse-json "^2.2.0"
      path-is-inside "^1.0.2"
      pkg-up "^2.0.0"
      project-bin-path "^1.1.0"
      read-cmd-shim "^1.0.1"
      read-pkg "^2.0.0"
      rimraf "^2.6.1"
      semver "^5.4.1"
      slash "^1.0.0"
      sort-object "^3.0.2"
      task-graph-runner "^1.0.1"
      temp-write "^3.4.0"
      typeable-promisify "^2.0.1"
      yarn "^1.6.0"
  
  bolt@^0.21.1:
    version "0.21.2"
    resolved "https://registry.yarnpkg.com/bolt/-/bolt-0.21.2.tgz#77514caf5885377b8b7ad3d3087b9b70906dcf00"
    dependencies:
      array-includes "^3.0.3"
      babel-runtime "^6.25.0"
      chalk "^2.0.1"
      clean-stack "^1.3.0"
      cmd-shim "^2.0.2"
      cross-spawn "^5.1.0"
      detect-indent "^5.0.0"
      find-up "^2.1.0"
      globby "^6.1.0"
      inquirer "3.3.0"
      is-glob "^4.0.0"
      make-dir "^1.0.0"
      meow "^4.0.0"
      minimatch "^3.0.4"
      multimatch "^2.1.0"
      p-limit "^1.1.0"
      parse-json "^2.2.0"
      path-is-inside "^1.0.2"
      pkg-up "^2.0.0"
      project-bin-path "^1.1.0"
      read-cmd-shim "^1.0.1"
      read-pkg "^2.0.0"
      rimraf "^2.6.1"
      semver "^5.4.1"
      slash "^1.0.0"
      sort-object "^3.0.2"
      task-graph-runner "^1.0.1"
      temp-write "^3.4.0"
      typeable-promisify "^2.0.1"
      yarn "^1.9.4"
  
  bolt@^0.22.0:
    version "0.22.0"
    resolved "https://registry.yarnpkg.com/bolt/-/bolt-0.22.0.tgz#3468ac6a154452829319f0074eda473077881c5b"
    dependencies:
      array-includes "^3.0.3"
      babel-runtime "^6.25.0"
      chalk "^2.0.1"
      clean-stack "^1.3.0"
      cmd-shim "^2.0.2"
      cross-spawn "^5.1.0"
      detect-indent "^5.0.0"
      find-up "^2.1.0"
      globby "^6.1.0"
      inquirer "3.3.0"
      is-glob "^4.0.0"
      make-dir "^1.0.0"
      meow "^4.0.0"
      minimatch "^3.0.4"
      multimatch "^2.1.0"
      p-limit "^1.1.0"
      parse-json "^2.2.0"
      path-is-inside "^1.0.2"
      pkg-up "^2.0.0"
      project-bin-path "^1.1.0"
      read-cmd-shim "^1.0.1"
      read-pkg "^2.0.0"
      rimraf "^2.6.1"
      semver "^5.4.1"
      slash "^1.0.0"
      sort-object "^3.0.2"
      task-graph-runner "^1.0.1"
      temp-write "^3.4.0"
      typeable-promisify "^2.0.1"
      yarn "^1.9.4"
  
  boom@2.x.x:
    version "2.10.1"
    resolved "https://registry.yarnpkg.com/boom/-/boom-2.10.1.tgz#39c8918ceff5799f83f9492a848f625add0c766f"
    dependencies:
      hoek "2.x.x"
  
  boxen@^1.3.0:
    version "1.3.0"
    resolved "https://registry.yarnpkg.com/boxen/-/boxen-1.3.0.tgz#55c6c39a8ba58d9c61ad22cd877532deb665a20b"
    dependencies:
      ansi-align "^2.0.0"
      camelcase "^4.0.0"
      chalk "^2.0.1"
      cli-boxes "^1.0.0"
      string-width "^2.0.0"
      term-size "^1.2.0"
      widest-line "^2.0.0"
  
  brace-expansion@^1.1.7:
    version "1.1.11"
    resolved "https://registry.yarnpkg.com/brace-expansion/-/brace-expansion-1.1.11.tgz#3c7fcbf529d87226f3d2f52b966ff5271eb441dd"
    dependencies:
      balanced-match "^1.0.0"
      concat-map "0.0.1"
  
  buffer-from@^1.0.0:
    version "1.1.1"
    resolved "https://registry.yarnpkg.com/buffer-from/-/buffer-from-1.1.1.tgz#32713bc028f75c02fdb710d7c7bcec1f2c6070ef"
  
  buffer-shims@^1.0.0:
    version "1.0.0"
    resolved "https://registry.yarnpkg.com/buffer-shims/-/buffer-shims-1.0.0.tgz#9978ce317388c649ad8793028c3477ef044a8b51"
  
  builtin-modules@^1.0.0:
    version "1.1.1"
    resolved "https://registry.yarnpkg.com/builtin-modules/-/builtin-modules-1.1.1.tgz#270f076c5a72c02f5b65a47df94c5fe3a278892f"
  
  builtins@0.0.7:
    version "0.0.7"
    resolved "https://registry.yarnpkg.com/builtins/-/builtins-0.0.7.tgz#355219cd6cf18dbe7c01cc7fd2dce765cfdc549a"
  
  builtins@^1.0.3:
    version "1.0.3"
    resolved "https://registry.yarnpkg.com/builtins/-/builtins-1.0.3.tgz#cb94faeb61c8696451db36534e1422f94f0aee88"
  
  bytewise-core@^1.2.2:
    version "1.2.3"
    resolved "https://registry.yarnpkg.com/bytewise-core/-/bytewise-core-1.2.3.tgz#3fb410c7e91558eb1ab22a82834577aa6bd61d42"
    dependencies:
      typewise-core "^1.2"
  
  bytewise@^1.1.0:
    version "1.1.0"
    resolved "https://registry.yarnpkg.com/bytewise/-/bytewise-1.1.0.tgz#1d13cbff717ae7158094aa881b35d081b387253e"
    dependencies:
      bytewise-core "^1.2.2"
      typewise "^1.0.3"
  
  camelcase-keys@^4.0.0:
    version "4.2.0"
    resolved "https://registry.yarnpkg.com/camelcase-keys/-/camelcase-keys-4.2.0.tgz#a2aa5fb1af688758259c32c141426d78923b9b77"
    dependencies:
      camelcase "^4.1.0"
      map-obj "^2.0.0"
      quick-lru "^1.0.0"
  
  camelcase@^4.0.0, camelcase@^4.1.0:
    version "4.1.0"
    resolved "https://registry.yarnpkg.com/camelcase/-/camelcase-4.1.0.tgz#d545635be1e33c542649c69173e5de6acfae34dd"
  
  caseless@~0.11.0:
    version "0.11.0"
    resolved "https://registry.yarnpkg.com/caseless/-/caseless-0.11.0.tgz#715b96ea9841593cc33067923f5ec60ebda4f7d7"
  
  caseless@~0.12.0:
    version "0.12.0"
    resolved "https://registry.yarnpkg.com/caseless/-/caseless-0.12.0.tgz#1b681c21ff84033c826543090689420d187151dc"
  
  chalk@^1.1.1:
    version "1.1.3"
    resolved "http://registry.npmjs.org/chalk/-/chalk-1.1.3.tgz#a8115c55e4a702fe4d150abd3872822a7e09fc98"
    dependencies:
      ansi-styles "^2.2.1"
      escape-string-regexp "^1.0.2"
      has-ansi "^2.0.0"
      strip-ansi "^3.0.0"
      supports-color "^2.0.0"
  
  chalk@^2.0.0, chalk@^2.0.1, chalk@^2.1.0:
    version "2.4.1"
    resolved "https://registry.yarnpkg.com/chalk/-/chalk-2.4.1.tgz#18c49ab16a037b6eb0152cc83e3471338215b66e"
    dependencies:
      ansi-styles "^3.2.1"
      escape-string-regexp "^1.0.5"
      supports-color "^5.3.0"
  
  chardet@^0.4.0:
    version "0.4.2"
    resolved "https://registry.yarnpkg.com/chardet/-/chardet-0.4.2.tgz#b5473b33dc97c424e5d98dc87d55d4d8a29c8bf2"
  
  chownr@~1.0.1:
    version "1.0.1"
    resolved "https://registry.yarnpkg.com/chownr/-/chownr-1.0.1.tgz#e2a75042a9551908bebd25b8523d5f9769d79181"
  
  clean-stack@^1.3.0:
    version "1.3.0"
    resolved "https://registry.yarnpkg.com/clean-stack/-/clean-stack-1.3.0.tgz#9e821501ae979986c46b1d66d2d432db2fd4ae31"
  
  cli-boxes@^1.0.0:
    version "1.0.0"
    resolved "https://registry.yarnpkg.com/cli-boxes/-/cli-boxes-1.0.0.tgz#4fa917c3e59c94a004cd61f8ee509da651687143"
  
  cli-cursor@^2.1.0:
    version "2.1.0"
    resolved "https://registry.yarnpkg.com/cli-cursor/-/cli-cursor-2.1.0.tgz#b35dac376479facc3e94747d41d0d0f5238ffcb5"
    dependencies:
      restore-cursor "^2.0.0"
  
  cli-width@^2.0.0:
    version "2.2.0"
    resolved "https://registry.yarnpkg.com/cli-width/-/cli-width-2.2.0.tgz#ff19ede8a9a5e579324147b0c11f0fbcbabed639"
  
  clone@^1.0.2:
    version "1.0.4"
    resolved "https://registry.yarnpkg.com/clone/-/clone-1.0.4.tgz#da309cc263df15994c688ca902179ca3c7cd7c7e"
  
  cmd-shim@^2.0.2, cmd-shim@~2.0.2:
    version "2.0.2"
    resolved "https://registry.yarnpkg.com/cmd-shim/-/cmd-shim-2.0.2.tgz#6fcbda99483a8fd15d7d30a196ca69d688a2efdb"
    dependencies:
      graceful-fs "^4.1.2"
      mkdirp "~0.5.0"
  
  co@^4.6.0:
    version "4.6.0"
    resolved "https://registry.yarnpkg.com/co/-/co-4.6.0.tgz#6ea6bdf3d853ae54ccb8e47bfa0bf3f9031fb184"
  
  code-point-at@^1.0.0:
    version "1.1.0"
    resolved "https://registry.yarnpkg.com/code-point-at/-/code-point-at-1.1.0.tgz#0d070b4d043a5bea33a2f1a40e2edb3d9a4ccf77"
  
  color-convert@^1.9.0:
    version "1.9.2"
    resolved "https://registry.yarnpkg.com/color-convert/-/color-convert-1.9.2.tgz#49881b8fba67df12a96bdf3f56c0aab9e7913147"
    dependencies:
      color-name "1.1.1"
  
  color-name@1.1.1:
    version "1.1.1"
    resolved "https://registry.yarnpkg.com/color-name/-/color-name-1.1.1.tgz#4b1415304cf50028ea81643643bd82ea05803689"
  
  columnify@~1.5.4:
    version "1.5.4"
    resolved "https://registry.yarnpkg.com/columnify/-/columnify-1.5.4.tgz#4737ddf1c7b69a8a7c340570782e947eec8e78bb"
    dependencies:
      strip-ansi "^3.0.0"
      wcwidth "^1.0.0"
  
  combined-stream@1.0.6, combined-stream@^1.0.5, combined-stream@~1.0.5, combined-stream@~1.0.6:
    version "1.0.6"
    resolved "https://registry.yarnpkg.com/combined-stream/-/combined-stream-1.0.6.tgz#723e7df6e801ac5613113a7e445a9b69cb632818"
    dependencies:
      delayed-stream "~1.0.0"
  
  commander@^2.9.0:
    version "2.17.1"
    resolved "https://registry.yarnpkg.com/commander/-/commander-2.17.1.tgz#bd77ab7de6de94205ceacc72f1716d29f20a77bf"
  
  component-emitter@~1.2.0:
    version "1.2.1"
    resolved "https://registry.yarnpkg.com/component-emitter/-/component-emitter-1.2.1.tgz#137918d6d78283f7df7a6b7c5a63e140e69425e6"
  
  concat-map@0.0.1:
    version "0.0.1"
    resolved "https://registry.yarnpkg.com/concat-map/-/concat-map-0.0.1.tgz#d8a96bd77fd68df7793a73036a3ba0d5405d477b"
  
  concat-stream@^1.5.2:
    version "1.6.2"
    resolved "https://registry.yarnpkg.com/concat-stream/-/concat-stream-1.6.2.tgz#904bdf194cd3122fc675c77fc4ac3d4ff0fd1a34"
    dependencies:
      buffer-from "^1.0.0"
      inherits "^2.0.3"
      readable-stream "^2.2.2"
      typedarray "^0.0.6"
  
  config-chain@~1.1.11:
    version "1.1.12"
    resolved "https://registry.yarnpkg.com/config-chain/-/config-chain-1.1.12.tgz#0fde8d091200eb5e808caf25fe618c02f48e4efa"
    dependencies:
      ini "^1.3.4"
      proto-list "~1.2.1"
  
  console-control-strings@^1.0.0, console-control-strings@~1.1.0:
    version "1.1.0"
    resolved "https://registry.yarnpkg.com/console-control-strings/-/console-control-strings-1.1.0.tgz#3d7cf4464db6446ea644bf4b39507f9851008e8e"
  
  cookiejar@2.0.6:
    version "2.0.6"
    resolved "https://registry.yarnpkg.com/cookiejar/-/cookiejar-2.0.6.tgz#0abf356ad00d1c5a219d88d44518046dd026acfe"
  
  core-js@^2.4.0:
    version "2.5.7"
    resolved "https://registry.yarnpkg.com/core-js/-/core-js-2.5.7.tgz#f972608ff0cead68b841a16a932d0b183791814e"
  
  core-util-is@1.0.2, core-util-is@~1.0.0:
    version "1.0.2"
    resolved "https://registry.yarnpkg.com/core-util-is/-/core-util-is-1.0.2.tgz#b5fd54220aa2bc5ab57aab7140c940754503c1a7"
  
  cross-spawn@^5.0.1, cross-spawn@^5.1.0:
    version "5.1.0"
    resolved "https://registry.yarnpkg.com/cross-spawn/-/cross-spawn-5.1.0.tgz#e8bd0efee58fcff6f8f94510a0a554bbfa235449"
    dependencies:
      lru-cache "^4.0.1"
      shebang-command "^1.2.0"
      which "^1.2.9"
  
  cross-spawn@^6.0.5:
    version "6.0.5"
    resolved "https://registry.yarnpkg.com/cross-spawn/-/cross-spawn-6.0.5.tgz#4a5ec7c64dfae22c3a14124dbacdee846d80cbc4"
    dependencies:
      nice-try "^1.0.4"
      path-key "^2.0.1"
      semver "^5.5.0"
      shebang-command "^1.2.0"
      which "^1.2.9"
  
  cryptiles@2.x.x:
    version "2.0.5"
    resolved "https://registry.yarnpkg.com/cryptiles/-/cryptiles-2.0.5.tgz#3bdfecdc608147c1c67202fa291e7dca59eaa3b8"
    dependencies:
      boom "2.x.x"
  
  currently-unhandled@^0.4.1:
    version "0.4.1"
    resolved "https://registry.yarnpkg.com/currently-unhandled/-/currently-unhandled-0.4.1.tgz#988df33feab191ef799a61369dd76c17adf957ea"
    dependencies:
      array-find-index "^1.0.1"
  
  d@1:
    version "1.0.0"
    resolved "https://registry.yarnpkg.com/d/-/d-1.0.0.tgz#754bb5bfe55451da69a58b94d45f4c5b0462d58f"
    dependencies:
      es5-ext "^0.10.9"
  
  dashdash@^1.12.0:
    version "1.14.1"
    resolved "https://registry.yarnpkg.com/dashdash/-/dashdash-1.14.1.tgz#853cfa0f7cbe2fed5de20326b8dd581035f6e2f0"
    dependencies:
      assert-plus "^1.0.0"
  
  debug@2, debug@^2.2.0:
    version "2.6.9"
    resolved "https://registry.yarnpkg.com/debug/-/debug-2.6.9.tgz#5d128515df134ff327e90a4c93f4e077a536341f"
    dependencies:
      ms "2.0.0"
  
  debuglog@*, debuglog@^1.0.1:
    version "1.0.1"
    resolved "https://registry.yarnpkg.com/debuglog/-/debuglog-1.0.1.tgz#aa24ffb9ac3df9a2351837cfb2d279360cd78492"
  
  decamelize-keys@^1.0.0:
    version "1.1.0"
    resolved "https://registry.yarnpkg.com/decamelize-keys/-/decamelize-keys-1.1.0.tgz#d171a87933252807eb3cb61dc1c1445d078df2d9"
    dependencies:
      decamelize "^1.1.0"
      map-obj "^1.0.0"
  
  decamelize@^1.1.0:
    version "1.2.0"
    resolved "https://registry.yarnpkg.com/decamelize/-/decamelize-1.2.0.tgz#f6534d15148269b20352e7bee26f501f9a191290"
  
  defaults@^1.0.3:
    version "1.0.3"
    resolved "https://registry.yarnpkg.com/defaults/-/defaults-1.0.3.tgz#c656051e9817d9ff08ed881477f3fe4019f3ef7d"
    dependencies:
      clone "^1.0.2"
  
  define-properties@^1.1.2:
    version "1.1.3"
    resolved "https://registry.yarnpkg.com/define-properties/-/define-properties-1.1.3.tgz#cf88da6cbee26fe6db7094f61d870cbd84cee9f1"
    dependencies:
      object-keys "^1.0.12"
  
  delayed-stream@~1.0.0:
    version "1.0.0"
    resolved "https://registry.yarnpkg.com/delayed-stream/-/delayed-stream-1.0.0.tgz#df3ae199acadfb7d440aaae0b29e2272b24ec619"
  
  delegates@^1.0.0:
    version "1.0.0"
    resolved "https://registry.yarnpkg.com/delegates/-/delegates-1.0.0.tgz#84c6e159b81904fdca59a0ef44cd870d31250f9a"
  
  detect-indent@^5.0.0:
    version "5.0.0"
    resolved "https://registry.yarnpkg.com/detect-indent/-/detect-indent-5.0.0.tgz#3871cc0a6a002e8c3e5b3cf7f336264675f06b9d"
  
  dezalgo@^1.0.0, dezalgo@^1.0.1, dezalgo@~1.0.3:
    version "1.0.3"
    resolved "https://registry.yarnpkg.com/dezalgo/-/dezalgo-1.0.3.tgz#7f742de066fc748bc8db820569dddce49bf0d456"
    dependencies:
      asap "^2.0.0"
      wrappy "1"
  
  ecc-jsbn@~0.1.1:
    version "0.1.2"
    resolved "https://registry.yarnpkg.com/ecc-jsbn/-/ecc-jsbn-0.1.2.tgz#3a83a904e54353287874c564b7549386849a98c9"
    dependencies:
      jsbn "~0.1.0"
      safer-buffer "^2.1.0"
  
  editor@^1.0.0, editor@~1.0.0:
    version "1.0.0"
    resolved "https://registry.yarnpkg.com/editor/-/editor-1.0.0.tgz#60c7f87bd62bcc6a894fa8ccd6afb7823a24f742"
  
  error-ex@^1.2.0, error-ex@^1.3.1:
    version "1.3.2"
    resolved "https://registry.yarnpkg.com/error-ex/-/error-ex-1.3.2.tgz#b4ac40648107fdcdcfae242f428bea8a14d4f1bf"
    dependencies:
      is-arrayish "^0.2.1"
  
  es-abstract@^1.7.0:
    version "1.12.0"
    resolved "https://registry.yarnpkg.com/es-abstract/-/es-abstract-1.12.0.tgz#9dbbdd27c6856f0001421ca18782d786bf8a6165"
    dependencies:
      es-to-primitive "^1.1.1"
      function-bind "^1.1.1"
      has "^1.0.1"
      is-callable "^1.1.3"
      is-regex "^1.0.4"
  
  es-to-primitive@^1.1.1:
    version "1.1.1"
    resolved "https://registry.yarnpkg.com/es-to-primitive/-/es-to-primitive-1.1.1.tgz#45355248a88979034b6792e19bb81f2b7975dd0d"
    dependencies:
      is-callable "^1.1.1"
      is-date-object "^1.0.1"
      is-symbol "^1.0.1"
  
  es5-ext@^0.10.35, es5-ext@^0.10.9, es5-ext@~0.10.14:
    version "0.10.46"
    resolved "https://registry.yarnpkg.com/es5-ext/-/es5-ext-0.10.46.tgz#efd99f67c5a7ec789baa3daa7f79870388f7f572"
    dependencies:
      es6-iterator "~2.0.3"
      es6-symbol "~3.1.1"
      next-tick "1"
  
  es6-iterator@~2.0.3:
    version "2.0.3"
    resolved "https://registry.yarnpkg.com/es6-iterator/-/es6-iterator-2.0.3.tgz#a7de889141a05a94b0854403b2d0a0fbfa98f3b7"
    dependencies:
      d "1"
      es5-ext "^0.10.35"
      es6-symbol "^3.1.1"
  
  es6-symbol@^3.0.2, es6-symbol@^3.1.1, es6-symbol@~3.1.1:
    version "3.1.1"
    resolved "https://registry.yarnpkg.com/es6-symbol/-/es6-symbol-3.1.1.tgz#bf00ef4fdab6ba1b46ecb7b629b4c7ed5715cc77"
    dependencies:
      d "1"
      es5-ext "~0.10.14"
  
  escape-string-regexp@^1.0.2, escape-string-regexp@^1.0.5:
    version "1.0.5"
    resolved "https://registry.yarnpkg.com/escape-string-regexp/-/escape-string-regexp-1.0.5.tgz#1b61c0562190a8dff6ae3bb2cf0200ca130b86d4"
  
  execa@^0.7.0:
    version "0.7.0"
    resolved "https://registry.yarnpkg.com/execa/-/execa-0.7.0.tgz#944becd34cc41ee32a63a9faf27ad5a65fc59777"
    dependencies:
      cross-spawn "^5.0.1"
      get-stream "^3.0.0"
      is-stream "^1.1.0"
      npm-run-path "^2.0.0"
      p-finally "^1.0.0"
      signal-exit "^3.0.0"
      strip-eof "^1.0.0"
  
  extend-shallow@^2.0.1:
    version "2.0.1"
    resolved "https://registry.yarnpkg.com/extend-shallow/-/extend-shallow-2.0.1.tgz#51af7d614ad9a9f610ea1bafbb989d6b1c56890f"
    dependencies:
      is-extendable "^0.1.0"
  
  extend@3.0.0:
    version "3.0.0"
    resolved "https://registry.yarnpkg.com/extend/-/extend-3.0.0.tgz#5a474353b9f3353ddd8176dfd37b91c83a46f1d4"
  
  extend@~3.0.0, extend@~3.0.2:
    version "3.0.2"
    resolved "https://registry.yarnpkg.com/extend/-/extend-3.0.2.tgz#f8b1136b4071fbd8eb140aff858b1019ec2915fa"
  
  external-editor@^2.0.4, external-editor@^2.1.0:
    version "2.2.0"
    resolved "https://registry.yarnpkg.com/external-editor/-/external-editor-2.2.0.tgz#045511cfd8d133f3846673d1047c154e214ad3d5"
    dependencies:
      chardet "^0.4.0"
      iconv-lite "^0.4.17"
      tmp "^0.0.33"
  
  extsprintf@1.3.0:
    version "1.3.0"
    resolved "https://registry.yarnpkg.com/extsprintf/-/extsprintf-1.3.0.tgz#96918440e3041a7a414f8c52e3c574eb3c3e1e05"
  
  extsprintf@^1.2.0:
    version "1.4.0"
    resolved "https://registry.yarnpkg.com/extsprintf/-/extsprintf-1.4.0.tgz#e2689f8f356fad62cca65a3a91c5df5f9551692f"
  
  fast-deep-equal@^1.0.0:
    version "1.1.0"
    resolved "https://registry.yarnpkg.com/fast-deep-equal/-/fast-deep-equal-1.1.0.tgz#c053477817c86b51daa853c81e059b733d023614"
  
  fast-json-stable-stringify@^2.0.0:
    version "2.0.0"
    resolved "https://registry.yarnpkg.com/fast-json-stable-stringify/-/fast-json-stable-stringify-2.0.0.tgz#d5142c0caee6b1189f87d3a76111064f86c8bbf2"
  
  figures@^2.0.0:
    version "2.0.0"
    resolved "https://registry.yarnpkg.com/figures/-/figures-2.0.0.tgz#3ab1a2d2a62c8bfb431a0c94cb797a2fce27c962"
    dependencies:
      escape-string-regexp "^1.0.5"
  
  find-up@^2.0.0, find-up@^2.1.0:
    version "2.1.0"
    resolved "https://registry.yarnpkg.com/find-up/-/find-up-2.1.0.tgz#45d1b7e506c717ddd482775a2b77920a3c0c57a7"
    dependencies:
      locate-path "^2.0.0"
  
  forever-agent@~0.6.1:
    version "0.6.1"
    resolved "https://registry.yarnpkg.com/forever-agent/-/forever-agent-0.6.1.tgz#fbc71f0c41adeb37f96c577ad1ed42d8fdacca91"
  
  form-data@1.0.0-rc3:
    version "1.0.0-rc3"
    resolved "https://registry.yarnpkg.com/form-data/-/form-data-1.0.0-rc3.tgz#d35bc62e7fbc2937ae78f948aaa0d38d90607577"
    dependencies:
      async "^1.4.0"
      combined-stream "^1.0.5"
      mime-types "^2.1.3"
  
  form-data@~2.0.0:
    version "2.0.0"
    resolved "https://registry.yarnpkg.com/form-data/-/form-data-2.0.0.tgz#6f0aebadcc5da16c13e1ecc11137d85f9b883b25"
    dependencies:
      asynckit "^0.4.0"
      combined-stream "^1.0.5"
      mime-types "^2.1.11"
  
  form-data@~2.3.2:
    version "2.3.2"
    resolved "https://registry.yarnpkg.com/form-data/-/form-data-2.3.2.tgz#4970498be604c20c005d4f5c23aecd21d6b49099"
    dependencies:
      asynckit "^0.4.0"
      combined-stream "1.0.6"
      mime-types "^2.1.12"
  
  formidable@~1.0.14:
    version "1.0.17"
    resolved "https://registry.yarnpkg.com/formidable/-/formidable-1.0.17.tgz#ef5491490f9433b705faa77249c99029ae348559"
  
  fs-vacuum@~1.2.9:
    version "1.2.10"
    resolved "https://registry.yarnpkg.com/fs-vacuum/-/fs-vacuum-1.2.10.tgz#b7629bec07a4031a2548fdf99f5ecf1cc8b31e36"
    dependencies:
      graceful-fs "^4.1.2"
      path-is-inside "^1.0.1"
      rimraf "^2.5.2"
  
  fs-write-stream-atomic@~1.0.8:
    version "1.0.10"
    resolved "https://registry.yarnpkg.com/fs-write-stream-atomic/-/fs-write-stream-atomic-1.0.10.tgz#b47df53493ef911df75731e70a9ded0189db40c9"
    dependencies:
      graceful-fs "^4.1.2"
      iferr "^0.1.5"
      imurmurhash "^0.1.4"
      readable-stream "1 || 2"
  
  fs.realpath@^1.0.0:
    version "1.0.0"
    resolved "https://registry.yarnpkg.com/fs.realpath/-/fs.realpath-1.0.0.tgz#1504ad2523158caa40db4a2787cb01411994ea4f"
  
  fstream-ignore@^1.0.0:
    version "1.0.5"
    resolved "https://registry.yarnpkg.com/fstream-ignore/-/fstream-ignore-1.0.5.tgz#9c31dae34767018fe1d249b24dada67d092da105"
    dependencies:
      fstream "^1.0.0"
      inherits "2"
      minimatch "^3.0.0"
  
  fstream-npm@~1.2.0:
    version "1.2.1"
    resolved "https://registry.yarnpkg.com/fstream-npm/-/fstream-npm-1.2.1.tgz#08c4a452f789dcbac4c89a4563c902b2c862fd5b"
    dependencies:
      fstream-ignore "^1.0.0"
      inherits "2"
  
  fstream@^1.0.0, fstream@^1.0.2, fstream@~1.0.10:
    version "1.0.11"
    resolved "https://registry.yarnpkg.com/fstream/-/fstream-1.0.11.tgz#5c1fb1f117477114f0632a0eb4b71b3cb0fd3171"
    dependencies:
      graceful-fs "^4.1.2"
      inherits "~2.0.0"
      mkdirp ">=0.5 0"
      rimraf "2"
  
  function-bind@^1.1.1:
    version "1.1.1"
    resolved "https://registry.yarnpkg.com/function-bind/-/function-bind-1.1.1.tgz#a56899d3ea3c9bab874bb9773b7c5ede92f4895d"
  
  fuzzy@^0.1.3:
    version "0.1.3"
    resolved "https://registry.yarnpkg.com/fuzzy/-/fuzzy-0.1.3.tgz#4c76ec2ff0ac1a36a9dccf9a00df8623078d4ed8"
  
  gauge@~2.6.0:
    version "2.6.0"
    resolved "https://registry.yarnpkg.com/gauge/-/gauge-2.6.0.tgz#d35301ad18e96902b4751dcbbe40f4218b942a46"
    dependencies:
      aproba "^1.0.3"
      console-control-strings "^1.0.0"
      has-color "^0.1.7"
      has-unicode "^2.0.0"
      object-assign "^4.1.0"
      signal-exit "^3.0.0"
      string-width "^1.0.1"
      strip-ansi "^3.0.1"
      wide-align "^1.1.0"
  
  gauge@~2.7.1:
    version "2.7.4"
    resolved "https://registry.yarnpkg.com/gauge/-/gauge-2.7.4.tgz#2c03405c7538c39d7eb37b317022e325fb018bf7"
    dependencies:
      aproba "^1.0.3"
      console-control-strings "^1.0.0"
      has-unicode "^2.0.0"
      object-assign "^4.1.0"
      signal-exit "^3.0.0"
      string-width "^1.0.1"
      strip-ansi "^3.0.1"
      wide-align "^1.1.0"
  
  generate-function@^2.0.0:
    version "2.3.1"
    resolved "https://registry.yarnpkg.com/generate-function/-/generate-function-2.3.1.tgz#f069617690c10c868e73b8465746764f97c3479f"
    dependencies:
      is-property "^1.0.2"
  
  generate-object-property@^1.1.0:
    version "1.2.0"
    resolved "https://registry.yarnpkg.com/generate-object-property/-/generate-object-property-1.2.0.tgz#9c0e1c40308ce804f4783618b937fa88f99d50d0"
    dependencies:
      is-property "^1.0.0"
  
  get-stream@^3.0.0:
    version "3.0.0"
    resolved "https://registry.yarnpkg.com/get-stream/-/get-stream-3.0.0.tgz#8e943d1358dc37555054ecbe2edb05aa174ede14"
  
  get-value@^2.0.2, get-value@^2.0.6:
    version "2.0.6"
    resolved "https://registry.yarnpkg.com/get-value/-/get-value-2.0.6.tgz#dc15ca1c672387ca76bd37ac0a395ba2042a2c28"
  
  getpass@^0.1.1:
    version "0.1.7"
    resolved "https://registry.yarnpkg.com/getpass/-/getpass-0.1.7.tgz#5eff8e3e684d569ae4cb2b1282604e8ba62149fa"
    dependencies:
      assert-plus "^1.0.0"
  
  glob@^7.0.3, glob@^7.0.5:
    version "7.1.2"
    resolved "https://registry.yarnpkg.com/glob/-/glob-7.1.2.tgz#c19c9df9a028702d678612384a6552404c636d15"
    dependencies:
      fs.realpath "^1.0.0"
      inflight "^1.0.4"
      inherits "2"
      minimatch "^3.0.4"
      once "^1.3.0"
      path-is-absolute "^1.0.0"
  
  glob@^7.1.1, glob@~7.1.0:
    version "7.1.3"
    resolved "https://registry.yarnpkg.com/glob/-/glob-7.1.3.tgz#3960832d3f1574108342dafd3a67b332c0969df1"
    dependencies:
      fs.realpath "^1.0.0"
      inflight "^1.0.4"
      inherits "2"
      minimatch "^3.0.4"
      once "^1.3.0"
      path-is-absolute "^1.0.0"
  
  globby@^6.1.0:
    version "6.1.0"
    resolved "https://registry.yarnpkg.com/globby/-/globby-6.1.0.tgz#f5a6d70e8395e21c858fb0489d64df02424d506c"
    dependencies:
      array-union "^1.0.1"
      glob "^7.0.3"
      object-assign "^4.0.1"
      pify "^2.0.0"
      pinkie-promise "^2.0.0"
  
  graceful-fs@^4.1.2, graceful-fs@^4.1.6, graceful-fs@~4.1.9:
    version "4.1.11"
    resolved "https://registry.yarnpkg.com/graceful-fs/-/graceful-fs-4.1.11.tgz#0e8bdfe4d1ddb8854d64e04ea7c00e2a026e5658"
  
  har-schema@^2.0.0:
    version "2.0.0"
    resolved "https://registry.yarnpkg.com/har-schema/-/har-schema-2.0.0.tgz#a94c2224ebcac04782a0d9035521f24735b7ec92"
  
  har-validator@~2.0.6:
    version "2.0.6"
    resolved "https://registry.yarnpkg.com/har-validator/-/har-validator-2.0.6.tgz#cdcbc08188265ad119b6a5a7c8ab70eecfb5d27d"
    dependencies:
      chalk "^1.1.1"
      commander "^2.9.0"
      is-my-json-valid "^2.12.4"
      pinkie-promise "^2.0.0"
  
  har-validator@~5.1.0:
    version "5.1.0"
    resolved "https://registry.yarnpkg.com/har-validator/-/har-validator-5.1.0.tgz#44657f5688a22cfd4b72486e81b3a3fb11742c29"
    dependencies:
      ajv "^5.3.0"
      har-schema "^2.0.0"
  
  has-ansi@^2.0.0:
    version "2.0.0"
    resolved "https://registry.yarnpkg.com/has-ansi/-/has-ansi-2.0.0.tgz#34f5049ce1ecdf2b0649af3ef24e45ed35416d91"
    dependencies:
      ansi-regex "^2.0.0"
  
  has-color@^0.1.7:
    version "0.1.7"
    resolved "https://registry.yarnpkg.com/has-color/-/has-color-0.1.7.tgz#67144a5260c34fc3cca677d041daf52fe7b78b2f"
  
  has-flag@^3.0.0:
    version "3.0.0"
    resolved "https://registry.yarnpkg.com/has-flag/-/has-flag-3.0.0.tgz#b5d454dc2199ae225699f3467e5a07f3b955bafd"
  
  has-unicode@^2.0.0, has-unicode@~2.0.1:
    version "2.0.1"
    resolved "https://registry.yarnpkg.com/has-unicode/-/has-unicode-2.0.1.tgz#e0e6fe6a28cf51138855e086d1691e771de2a8b9"
  
  has@^1.0.1:
    version "1.0.3"
    resolved "https://registry.yarnpkg.com/has/-/has-1.0.3.tgz#722d7cbfc1f6aa8241f16dd814e011e1f41e8796"
    dependencies:
      function-bind "^1.1.1"
  
  hawk@~3.1.3:
    version "3.1.3"
    resolved "https://registry.yarnpkg.com/hawk/-/hawk-3.1.3.tgz#078444bd7c1640b0fe540d2c9b73d59678e8e1c4"
    dependencies:
      boom "2.x.x"
      cryptiles "2.x.x"
      hoek "2.x.x"
      sntp "1.x.x"
  
  hoek@2.x.x:
    version "2.16.3"
    resolved "https://registry.yarnpkg.com/hoek/-/hoek-2.16.3.tgz#20bb7403d3cea398e91dc4710a8ff1b8274a25ed"
  
  hosted-git-info@^2.1.4, hosted-git-info@^2.1.5, hosted-git-info@^2.4.2:
    version "2.7.1"
    resolved "https://registry.yarnpkg.com/hosted-git-info/-/hosted-git-info-2.7.1.tgz#97f236977bd6e125408930ff6de3eec6281ec047"
  
  hosted-git-info@~2.1.5:
    version "2.1.5"
    resolved "https://registry.yarnpkg.com/hosted-git-info/-/hosted-git-info-2.1.5.tgz#0ba81d90da2e25ab34a332e6ec77936e1598118b"
  
  http-signature@~1.1.0:
    version "1.1.1"
    resolved "https://registry.yarnpkg.com/http-signature/-/http-signature-1.1.1.tgz#df72e267066cd0ac67fb76adf8e134a8fbcf91bf"
    dependencies:
      assert-plus "^0.2.0"
      jsprim "^1.2.2"
      sshpk "^1.7.0"
  
  http-signature@~1.2.0:
    version "1.2.0"
    resolved "https://registry.yarnpkg.com/http-signature/-/http-signature-1.2.0.tgz#9aecd925114772f3d95b65a60abb8f7c18fbace1"
    dependencies:
      assert-plus "^1.0.0"
      jsprim "^1.2.2"
      sshpk "^1.7.0"
  
  iconv-lite@^0.4.17:
    version "0.4.24"
    resolved "https://registry.yarnpkg.com/iconv-lite/-/iconv-lite-0.4.24.tgz#2022b4b25fbddc21d2f524974a474aafe733908b"
    dependencies:
      safer-buffer ">= 2.1.2 < 3"
  
  iferr@^0.1.5, iferr@~0.1.5:
    version "0.1.5"
    resolved "https://registry.yarnpkg.com/iferr/-/iferr-0.1.5.tgz#c60eed69e6d8fdb6b3104a1fcbca1c192dc5b501"
  
  imurmurhash@*, imurmurhash@^0.1.4:
    version "0.1.4"
    resolved "https://registry.yarnpkg.com/imurmurhash/-/imurmurhash-0.1.4.tgz#9218b9b2b928a238b13dc4fb6b6d576f231453ea"
  
  indent-string@^3.0.0:
    version "3.2.0"
    resolved "https://registry.yarnpkg.com/indent-string/-/indent-string-3.2.0.tgz#4a5fd6d27cc332f37e5419a504dbb837105c9289"
  
  inflight@^1.0.4, inflight@~1.0.5:
    version "1.0.6"
    resolved "https://registry.yarnpkg.com/inflight/-/inflight-1.0.6.tgz#49bd6331d7d02d0c09bc910a1075ba8165b56df9"
    dependencies:
      once "^1.3.0"
      wrappy "1"
  
  inherits@2, inherits@^2.0.3, inherits@~2.0.0, inherits@~2.0.1, inherits@~2.0.3:
    version "2.0.3"
    resolved "https://registry.yarnpkg.com/inherits/-/inherits-2.0.3.tgz#633c2c83e3da42a502f52466022480f4208261de"
  
  ini@^1.3.4, ini@~1.3.4:
    version "1.3.5"
    resolved "https://registry.yarnpkg.com/ini/-/ini-1.3.5.tgz#eee25f56db1c9ec6085e0c22778083f596abf927"
  
  init-package-json@~1.9.4:
    version "1.9.6"
    resolved "https://registry.yarnpkg.com/init-package-json/-/init-package-json-1.9.6.tgz#789fc2b74466a4952b9ea77c0575bc78ebd60a61"
    dependencies:
      glob "^7.1.1"
      npm-package-arg "^4.0.0 || ^5.0.0"
      promzard "^0.3.0"
      read "~1.0.1"
      read-package-json "1 || 2"
      semver "2.x || 3.x || 4 || 5"
      validate-npm-package-license "^3.0.1"
      validate-npm-package-name "^3.0.0"
  
  inquirer-autocomplete-prompt@^1.0.1:
    version "1.0.1"
    resolved "https://registry.yarnpkg.com/inquirer-autocomplete-prompt/-/inquirer-autocomplete-prompt-1.0.1.tgz#e4be98a9e727ea5160937e33f8724e70464e3c4d"
    dependencies:
      ansi-escapes "^3.0.0"
      chalk "^2.0.0"
      figures "^2.0.0"
      run-async "^2.3.0"
  
  inquirer-checkbox-plus-prompt@^1.0.1:
    version "1.0.1"
    resolved "https://registry.yarnpkg.com/inquirer-checkbox-plus-prompt/-/inquirer-checkbox-plus-prompt-1.0.1.tgz#54ff1ed09777a103538562276b5cf4521a31d16d"
    dependencies:
      cli-cursor "^2.1.0"
      figures "^2.0.0"
      inquirer "^5.1.0"
      lodash "^4.17.5"
  
  inquirer@3.3.0, inquirer@^3.3.0:
    version "3.3.0"
    resolved "https://registry.yarnpkg.com/inquirer/-/inquirer-3.3.0.tgz#9dd2f2ad765dcab1ff0443b491442a20ba227dc9"
    dependencies:
      ansi-escapes "^3.0.0"
      chalk "^2.0.0"
      cli-cursor "^2.1.0"
      cli-width "^2.0.0"
      external-editor "^2.0.4"
      figures "^2.0.0"
      lodash "^4.3.0"
      mute-stream "0.0.7"
      run-async "^2.2.0"
      rx-lite "^4.0.8"
      rx-lite-aggregates "^4.0.8"
      string-width "^2.1.0"
      strip-ansi "^4.0.0"
      through "^2.3.6"
  
  inquirer@^5.1.0:
    version "5.2.0"
    resolved "https://registry.yarnpkg.com/inquirer/-/inquirer-5.2.0.tgz#db350c2b73daca77ff1243962e9f22f099685726"
    dependencies:
      ansi-escapes "^3.0.0"
      chalk "^2.0.0"
      cli-cursor "^2.1.0"
      cli-width "^2.0.0"
      external-editor "^2.1.0"
      figures "^2.0.0"
      lodash "^4.3.0"
      mute-stream "0.0.7"
      run-async "^2.2.0"
      rxjs "^5.5.2"
      string-width "^2.1.0"
      strip-ansi "^4.0.0"
      through "^2.3.6"
  
  is-arrayish@^0.2.1:
    version "0.2.1"
    resolved "https://registry.yarnpkg.com/is-arrayish/-/is-arrayish-0.2.1.tgz#77c99840527aa8ecb1a8ba697b80645a7a926a9d"
  
  is-buffer@^1.1.5:
    version "1.1.6"
    resolved "https://registry.yarnpkg.com/is-buffer/-/is-buffer-1.1.6.tgz#efaa2ea9daa0d7ab2ea13a97b2b8ad51fefbe8be"
  
  is-builtin-module@^1.0.0:
    version "1.0.0"
    resolved "https://registry.yarnpkg.com/is-builtin-module/-/is-builtin-module-1.0.0.tgz#540572d34f7ac3119f8f76c30cbc1b1e037affbe"
    dependencies:
      builtin-modules "^1.0.0"
  
  is-callable@^1.1.1, is-callable@^1.1.3:
    version "1.1.4"
    resolved "https://registry.yarnpkg.com/is-callable/-/is-callable-1.1.4.tgz#1e1adf219e1eeb684d691f9d6a05ff0d30a24d75"
  
  is-date-object@^1.0.1:
    version "1.0.1"
    resolved "https://registry.yarnpkg.com/is-date-object/-/is-date-object-1.0.1.tgz#9aa20eb6aeebbff77fbd33e74ca01b33581d3a16"
  
  is-extendable@^0.1.0, is-extendable@^0.1.1:
    version "0.1.1"
    resolved "https://registry.yarnpkg.com/is-extendable/-/is-extendable-0.1.1.tgz#62b110e289a471418e3ec36a617d472e301dfc89"
  
  is-extglob@^2.1.1:
    version "2.1.1"
    resolved "https://registry.yarnpkg.com/is-extglob/-/is-extglob-2.1.1.tgz#a88c02535791f02ed37c76a1b9ea9773c833f8c2"
  
  is-fullwidth-code-point@^1.0.0:
    version "1.0.0"
    resolved "https://registry.yarnpkg.com/is-fullwidth-code-point/-/is-fullwidth-code-point-1.0.0.tgz#ef9e31386f031a7f0d643af82fde50c457ef00cb"
    dependencies:
      number-is-nan "^1.0.0"
  
  is-fullwidth-code-point@^2.0.0:
    version "2.0.0"
    resolved "https://registry.yarnpkg.com/is-fullwidth-code-point/-/is-fullwidth-code-point-2.0.0.tgz#a3b30a5c4f199183167aaab93beefae3ddfb654f"
  
  is-glob@^4.0.0:
    version "4.0.0"
    resolved "https://registry.yarnpkg.com/is-glob/-/is-glob-4.0.0.tgz#9521c76845cc2610a85203ddf080a958c2ffabc0"
    dependencies:
      is-extglob "^2.1.1"
  
  is-my-ip-valid@^1.0.0:
    version "1.0.0"
    resolved "https://registry.yarnpkg.com/is-my-ip-valid/-/is-my-ip-valid-1.0.0.tgz#7b351b8e8edd4d3995d4d066680e664d94696824"
  
  is-my-json-valid@^2.12.4:
    version "2.19.0"
    resolved "https://registry.yarnpkg.com/is-my-json-valid/-/is-my-json-valid-2.19.0.tgz#8fd6e40363cd06b963fa877d444bfb5eddc62175"
    dependencies:
      generate-function "^2.0.0"
      generate-object-property "^1.1.0"
      is-my-ip-valid "^1.0.0"
      jsonpointer "^4.0.0"
      xtend "^4.0.0"
  
  is-plain-obj@^1.1.0:
    version "1.1.0"
    resolved "https://registry.yarnpkg.com/is-plain-obj/-/is-plain-obj-1.1.0.tgz#71a50c8429dfca773c92a390a4a03b39fcd51d3e"
  
  is-plain-object@^2.0.1:
    version "2.0.4"
    resolved "https://registry.yarnpkg.com/is-plain-object/-/is-plain-object-2.0.4.tgz#2c163b3fafb1b606d9d17928f05c2a1c38e07677"
    dependencies:
      isobject "^3.0.1"
  
  is-promise@^2.1.0:
    version "2.1.0"
    resolved "https://registry.yarnpkg.com/is-promise/-/is-promise-2.1.0.tgz#79a2a9ece7f096e80f36d2b2f3bc16c1ff4bf3fa"
  
  is-property@^1.0.0, is-property@^1.0.2:
    version "1.0.2"
    resolved "https://registry.yarnpkg.com/is-property/-/is-property-1.0.2.tgz#57fe1c4e48474edd65b09911f26b1cd4095dda84"
  
  is-regex@^1.0.4:
    version "1.0.4"
    resolved "https://registry.yarnpkg.com/is-regex/-/is-regex-1.0.4.tgz#5517489b547091b0930e095654ced25ee97e9491"
    dependencies:
      has "^1.0.1"
  
  is-stream@^1.1.0:
    version "1.1.0"
    resolved "https://registry.yarnpkg.com/is-stream/-/is-stream-1.1.0.tgz#12d4a3dd4e68e0b79ceb8dbc84173ae80d91ca44"
  
  is-symbol@^1.0.1:
    version "1.0.1"
    resolved "https://registry.yarnpkg.com/is-symbol/-/is-symbol-1.0.1.tgz#3cc59f00025194b6ab2e38dbae6689256b660572"
  
  is-typedarray@~1.0.0:
    version "1.0.0"
    resolved "https://registry.yarnpkg.com/is-typedarray/-/is-typedarray-1.0.0.tgz#e479c80858df0c1b11ddda6940f96011fcda4a9a"
  
  isarray@0.0.1:
    version "0.0.1"
    resolved "https://registry.yarnpkg.com/isarray/-/isarray-0.0.1.tgz#8a18acfca9a8f4177e09abfc6038939b05d1eedf"
  
  isarray@~1.0.0:
    version "1.0.0"
    resolved "https://registry.yarnpkg.com/isarray/-/isarray-1.0.0.tgz#bb935d48582cba168c06834957a54a3e07124f11"
  
  isexe@^2.0.0:
    version "2.0.0"
    resolved "https://registry.yarnpkg.com/isexe/-/isexe-2.0.0.tgz#e8fbf374dc556ff8947a10dcb0572d633f2cfa10"
  
  isobject@^3.0.1:
    version "3.0.1"
    resolved "https://registry.yarnpkg.com/isobject/-/isobject-3.0.1.tgz#4e431e92b11a9731636aa1f9c8d1ccbcfdab78df"
  
  isstream@~0.1.2:
    version "0.1.2"
    resolved "https://registry.yarnpkg.com/isstream/-/isstream-0.1.2.tgz#47e63f7af55afa6f92e1500e690eb8b8529c099a"
  
  jsbn@~0.1.0:
    version "0.1.1"
    resolved "https://registry.yarnpkg.com/jsbn/-/jsbn-0.1.1.tgz#a5e654c2e5a2deb5f201d96cefbca80c0ef2f513"
  
  json-parse-better-errors@^1.0.1:
    version "1.0.2"
    resolved "https://registry.yarnpkg.com/json-parse-better-errors/-/json-parse-better-errors-1.0.2.tgz#bb867cfb3450e69107c131d1c514bab3dc8bcaa9"
  
  json-schema-traverse@^0.3.0:
    version "0.3.1"
    resolved "https://registry.yarnpkg.com/json-schema-traverse/-/json-schema-traverse-0.3.1.tgz#349a6d44c53a51de89b40805c5d5e59b417d3340"
  
  json-schema@0.2.3:
    version "0.2.3"
    resolved "https://registry.yarnpkg.com/json-schema/-/json-schema-0.2.3.tgz#b480c892e59a2f05954ce727bd3f2a4e882f9e13"
  
  json-stringify-safe@~5.0.1:
    version "5.0.1"
    resolved "https://registry.yarnpkg.com/json-stringify-safe/-/json-stringify-safe-5.0.1.tgz#1296a2d58fd45f19a0f6ce01d65701e2c735b6eb"
  
  jsonfile@^2.2.3:
    version "2.4.0"
    resolved "https://registry.yarnpkg.com/jsonfile/-/jsonfile-2.4.0.tgz#3736a2b428b87bbda0cc83b53fa3d633a35c2ae8"
    optionalDependencies:
      graceful-fs "^4.1.6"
  
  jsonpointer@^4.0.0:
    version "4.0.1"
    resolved "https://registry.yarnpkg.com/jsonpointer/-/jsonpointer-4.0.1.tgz#4fd92cb34e0e9db3c89c8622ecf51f9b978c6cb9"
  
  jsprim@^1.2.2:
    version "1.4.1"
    resolved "https://registry.yarnpkg.com/jsprim/-/jsprim-1.4.1.tgz#313e66bc1e5cc06e438bc1b7499c2e5c56acb6a2"
    dependencies:
      assert-plus "1.0.0"
      extsprintf "1.3.0"
      json-schema "0.2.3"
      verror "1.10.0"
  
  kind-of@^3.0.2:
    version "3.2.2"
    resolved "https://registry.yarnpkg.com/kind-of/-/kind-of-3.2.2.tgz#31ea21a734bab9bbb0f32466d893aea51e4a3c64"
    dependencies:
      is-buffer "^1.1.5"
  
  load-json-file@^2.0.0:
    version "2.0.0"
    resolved "https://registry.yarnpkg.com/load-json-file/-/load-json-file-2.0.0.tgz#7947e42149af80d696cbf797bcaabcfe1fe29ca8"
    dependencies:
      graceful-fs "^4.1.2"
      parse-json "^2.2.0"
      pify "^2.0.0"
      strip-bom "^3.0.0"
  
  load-json-file@^4.0.0:
    version "4.0.0"
    resolved "https://registry.yarnpkg.com/load-json-file/-/load-json-file-4.0.0.tgz#2f5f45ab91e33216234fd53adab668eb4ec0993b"
    dependencies:
      graceful-fs "^4.1.2"
      parse-json "^4.0.0"
      pify "^3.0.0"
      strip-bom "^3.0.0"
  
  locate-path@^2.0.0:
    version "2.0.0"
    resolved "https://registry.yarnpkg.com/locate-path/-/locate-path-2.0.0.tgz#2b568b265eec944c6d9c0de9c3dbbbca0354cd8e"
    dependencies:
      p-locate "^2.0.0"
      path-exists "^3.0.0"
  
  lockfile@~1.0.2:
    version "1.0.4"
    resolved "https://registry.yarnpkg.com/lockfile/-/lockfile-1.0.4.tgz#07f819d25ae48f87e538e6578b6964a4981a5609"
    dependencies:
      signal-exit "^3.0.2"
  
  lodash._baseindexof@*:
    version "3.1.0"
    resolved "https://registry.yarnpkg.com/lodash._baseindexof/-/lodash._baseindexof-3.1.0.tgz#fe52b53a1c6761e42618d654e4a25789ed61822c"
  
  lodash._baseuniq@~4.6.0:
    version "4.6.0"
    resolved "https://registry.yarnpkg.com/lodash._baseuniq/-/lodash._baseuniq-4.6.0.tgz#0ebb44e456814af7905c6212fa2c9b2d51b841e8"
    dependencies:
      lodash._createset "~4.0.0"
      lodash._root "~3.0.0"
  
  lodash._bindcallback@*:
    version "3.0.1"
    resolved "https://registry.yarnpkg.com/lodash._bindcallback/-/lodash._bindcallback-3.0.1.tgz#e531c27644cf8b57a99e17ed95b35c748789392e"
  
  lodash._cacheindexof@*:
    version "3.0.2"
    resolved "https://registry.yarnpkg.com/lodash._cacheindexof/-/lodash._cacheindexof-3.0.2.tgz#3dc69ac82498d2ee5e3ce56091bafd2adc7bde92"
  
  lodash._createcache@*:
    version "3.1.2"
    resolved "https://registry.yarnpkg.com/lodash._createcache/-/lodash._createcache-3.1.2.tgz#56d6a064017625e79ebca6b8018e17440bdcf093"
    dependencies:
      lodash._getnative "^3.0.0"
  
  lodash._createset@~4.0.0:
    version "4.0.3"
    resolved "https://registry.yarnpkg.com/lodash._createset/-/lodash._createset-4.0.3.tgz#0f4659fbb09d75194fa9e2b88a6644d363c9fe26"
  
  lodash._getnative@*, lodash._getnative@^3.0.0:
    version "3.9.1"
    resolved "https://registry.yarnpkg.com/lodash._getnative/-/lodash._getnative-3.9.1.tgz#570bc7dede46d61cdcde687d65d3eecbaa3aaff5"
  
  lodash._root@~3.0.0:
    version "3.0.1"
    resolved "https://registry.yarnpkg.com/lodash._root/-/lodash._root-3.0.1.tgz#fba1c4524c19ee9a5f8136b4609f017cf4ded692"
  
  lodash.clonedeep@~4.5.0:
    version "4.5.0"
    resolved "https://registry.yarnpkg.com/lodash.clonedeep/-/lodash.clonedeep-4.5.0.tgz#e23f3f9c4f8fbdde872529c1071857a086e5ccef"
  
  lodash.restparam@*:
    version "3.6.1"
    resolved "https://registry.yarnpkg.com/lodash.restparam/-/lodash.restparam-3.6.1.tgz#936a4e309ef330a7645ed4145986c85ae5b20805"
  
  lodash.union@~4.6.0:
    version "4.6.0"
    resolved "https://registry.yarnpkg.com/lodash.union/-/lodash.union-4.6.0.tgz#48bb5088409f16f1821666641c44dd1aaae3cd88"
  
  lodash.uniq@~4.5.0:
    version "4.5.0"
    resolved "https://registry.yarnpkg.com/lodash.uniq/-/lodash.uniq-4.5.0.tgz#d0225373aeb652adc1bc82e4945339a842754773"
  
  lodash.without@~4.4.0:
    version "4.4.0"
    resolved "https://registry.yarnpkg.com/lodash.without/-/lodash.without-4.4.0.tgz#3cd4574a00b67bae373a94b748772640507b7aac"
  
  lodash@^3.10.1:
    version "3.10.1"
    resolved "https://registry.yarnpkg.com/lodash/-/lodash-3.10.1.tgz#5bf45e8e49ba4189e17d482789dfd15bd140b7b6"
  
  lodash@^4.17.5, lodash@^4.3.0:
    version "4.17.10"
    resolved "https://registry.yarnpkg.com/lodash/-/lodash-4.17.10.tgz#1b7793cf7259ea38fb3661d4d38b3260af8ae4e7"
  
  loud-rejection@^1.0.0:
    version "1.6.0"
    resolved "https://registry.yarnpkg.com/loud-rejection/-/loud-rejection-1.6.0.tgz#5b46f80147edee578870f086d04821cf998e551f"
    dependencies:
      currently-unhandled "^0.4.1"
      signal-exit "^3.0.0"
  
  lru-cache@^4.0.1:
    version "4.1.3"
    resolved "https://registry.yarnpkg.com/lru-cache/-/lru-cache-4.1.3.tgz#a1175cf3496dfc8436c156c334b4955992bce69c"
    dependencies:
      pseudomap "^1.0.2"
      yallist "^2.1.2"
  
  make-dir@^1.0.0:
    version "1.3.0"
    resolved "https://registry.yarnpkg.com/make-dir/-/make-dir-1.3.0.tgz#79c1033b80515bd6d24ec9933e860ca75ee27f0c"
    dependencies:
      pify "^3.0.0"
  
  map-obj@^1.0.0:
    version "1.0.1"
    resolved "https://registry.yarnpkg.com/map-obj/-/map-obj-1.0.1.tgz#d933ceb9205d82bdcf4886f6742bdc2b4dea146d"
  
  map-obj@^2.0.0:
    version "2.0.0"
    resolved "https://registry.yarnpkg.com/map-obj/-/map-obj-2.0.0.tgz#a65cd29087a92598b8791257a523e021222ac1f9"
  
  meow@^4.0.0:
    version "4.0.1"
    resolved "https://registry.yarnpkg.com/meow/-/meow-4.0.1.tgz#d48598f6f4b1472f35bf6317a95945ace347f975"
    dependencies:
      camelcase-keys "^4.0.0"
      decamelize-keys "^1.0.0"
      loud-rejection "^1.0.0"
      minimist "^1.1.3"
      minimist-options "^3.0.1"
      normalize-package-data "^2.3.4"
      read-pkg-up "^3.0.0"
      redent "^2.0.0"
      trim-newlines "^2.0.0"
  
  methods@~1.1.1:
    version "1.1.2"
    resolved "https://registry.yarnpkg.com/methods/-/methods-1.1.2.tgz#5529a4d67654134edcc5266656835b0f851afcee"
  
  mime-db@~1.35.0:
    version "1.35.0"
    resolved "https://registry.yarnpkg.com/mime-db/-/mime-db-1.35.0.tgz#0569d657466491283709663ad379a99b90d9ab47"
  
  mime-db@~1.36.0:
    version "1.36.0"
    resolved "https://registry.yarnpkg.com/mime-db/-/mime-db-1.36.0.tgz#5020478db3c7fe93aad7bbcc4dcf869c43363397"
  
  mime-types@^2.1.11, mime-types@^2.1.12, mime-types@~2.1.19, mime-types@~2.1.7:
    version "2.1.20"
    resolved "https://registry.yarnpkg.com/mime-types/-/mime-types-2.1.20.tgz#930cb719d571e903738520f8470911548ca2cc19"
    dependencies:
      mime-db "~1.36.0"
  
  mime-types@^2.1.3:
    version "2.1.19"
    resolved "https://registry.yarnpkg.com/mime-types/-/mime-types-2.1.19.tgz#71e464537a7ef81c15f2db9d97e913fc0ff606f0"
    dependencies:
      mime-db "~1.35.0"
  
  mime@1.3.4:
    version "1.3.4"
    resolved "https://registry.yarnpkg.com/mime/-/mime-1.3.4.tgz#115f9e3b6b3daf2959983cb38f149a2d40eb5d53"
  
  mimic-fn@^1.0.0:
    version "1.2.0"
    resolved "https://registry.yarnpkg.com/mimic-fn/-/mimic-fn-1.2.0.tgz#820c86a39334640e99516928bd03fca88057d022"
  
  minimatch@^3.0.0, minimatch@^3.0.2, minimatch@^3.0.4:
    version "3.0.4"
    resolved "https://registry.yarnpkg.com/minimatch/-/minimatch-3.0.4.tgz#5166e286457f03306064be5497e8dbb0c3d32083"
    dependencies:
      brace-expansion "^1.1.7"
  
  minimist-options@^3.0.1:
    version "3.0.2"
    resolved "https://registry.yarnpkg.com/minimist-options/-/minimist-options-3.0.2.tgz#fba4c8191339e13ecf4d61beb03f070103f3d954"
    dependencies:
      arrify "^1.0.1"
      is-plain-obj "^1.1.0"
  
  minimist@0.0.8:
    version "0.0.8"
    resolved "https://registry.yarnpkg.com/minimist/-/minimist-0.0.8.tgz#857fcabfc3397d2625b8228262e86aa7a011b05d"
  
  minimist@^1.1.3, minimist@^1.2.0:
    version "1.2.0"
    resolved "https://registry.yarnpkg.com/minimist/-/minimist-1.2.0.tgz#a35008b20f41383eec1fb914f4cd5df79a264284"
  
  "mkdirp@>=0.5 0", mkdirp@^0.5.0, mkdirp@~0.5.0, mkdirp@~0.5.1:
    version "0.5.1"
    resolved "https://registry.yarnpkg.com/mkdirp/-/mkdirp-0.5.1.tgz#30057438eac6cf7f8c4767f38648d6697d75c903"
    dependencies:
      minimist "0.0.8"
  
  ms@2.0.0:
    version "2.0.0"
    resolved "https://registry.yarnpkg.com/ms/-/ms-2.0.0.tgz#5608aeadfc00be6c2901df5f9861788de0d597c8"
  
  multimatch@^2.1.0:
    version "2.1.0"
    resolved "https://registry.yarnpkg.com/multimatch/-/multimatch-2.1.0.tgz#9c7906a22fb4c02919e2f5f75161b4cdbd4b2a2b"
    dependencies:
      array-differ "^1.0.0"
      array-union "^1.0.1"
      arrify "^1.0.0"
      minimatch "^3.0.0"
  
  mute-stream@0.0.7, mute-stream@~0.0.4:
    version "0.0.7"
    resolved "https://registry.yarnpkg.com/mute-stream/-/mute-stream-0.0.7.tgz#3075ce93bc21b8fab43e1bc4da7e8115ed1e7bab"
  
  next-tick@1:
    version "1.0.0"
    resolved "https://registry.yarnpkg.com/next-tick/-/next-tick-1.0.0.tgz#ca86d1fe8828169b0120208e3dc8424b9db8342c"
  
  nice-try@^1.0.4:
    version "1.0.4"
    resolved "https://registry.yarnpkg.com/nice-try/-/nice-try-1.0.4.tgz#d93962f6c52f2c1558c0fbda6d512819f1efe1c4"
  
  node-gyp@~3.4.0:
    version "3.4.0"
    resolved "https://registry.yarnpkg.com/node-gyp/-/node-gyp-3.4.0.tgz#dda558393b3ecbbe24c9e6b8703c71194c63fa36"
    dependencies:
      fstream "^1.0.0"
      glob "^7.0.3"
      graceful-fs "^4.1.2"
      minimatch "^3.0.2"
      mkdirp "^0.5.0"
      nopt "2 || 3"
      npmlog "0 || 1 || 2 || 3"
      osenv "0"
      path-array "^1.0.0"
      request "2"
      rimraf "2"
      semver "2.x || 3.x || 4 || 5"
      tar "^2.0.0"
      which "1"
  
  node-uuid@~1.4.7:
    version "1.4.8"
    resolved "https://registry.yarnpkg.com/node-uuid/-/node-uuid-1.4.8.tgz#b040eb0923968afabf8d32fb1f17f1167fdab907"
  
  "nopt@2 || 3", nopt@~3.0.6:
    version "3.0.6"
    resolved "https://registry.yarnpkg.com/nopt/-/nopt-3.0.6.tgz#c6465dbf08abcd4db359317f79ac68a646b28ff9"
    dependencies:
      abbrev "1"
  
  normalize-git-url@~3.0.2:
    version "3.0.2"
    resolved "https://registry.yarnpkg.com/normalize-git-url/-/normalize-git-url-3.0.2.tgz#8e5f14be0bdaedb73e07200310aa416c27350fc4"
  
  normalize-package-data@^2.0.0, normalize-package-data@^2.3.2, normalize-package-data@^2.3.4, "normalize-package-data@~1.0.1 || ^2.0.0":
    version "2.4.0"
    resolved "https://registry.yarnpkg.com/normalize-package-data/-/normalize-package-data-2.4.0.tgz#12f95a307d58352075a04907b84ac8be98ac012f"
    dependencies:
      hosted-git-info "^2.1.4"
      is-builtin-module "^1.0.0"
      semver "2 || 3 || 4 || 5"
      validate-npm-package-license "^3.0.1"
  
  normalize-package-data@~2.3.5:
    version "2.3.8"
    resolved "https://registry.yarnpkg.com/normalize-package-data/-/normalize-package-data-2.3.8.tgz#d819eda2a9dedbd1ffa563ea4071d936782295bb"
    dependencies:
      hosted-git-info "^2.1.4"
      is-builtin-module "^1.0.0"
      semver "2 || 3 || 4 || 5"
      validate-npm-package-license "^3.0.1"
  
  npm-cache-filename@~1.0.2:
    version "1.0.2"
    resolved "https://registry.yarnpkg.com/npm-cache-filename/-/npm-cache-filename-1.0.2.tgz#ded306c5b0bfc870a9e9faf823bc5f283e05ae11"
  
  npm-cli@^0.1.0:
    version "0.1.0"
    resolved "https://registry.yarnpkg.com/npm-cli/-/npm-cli-0.1.0.tgz#081e0fe2c1cdfb822b9db360bc5eb2875c041088"
    dependencies:
      npm "^3"
      semver "^4.1.0"
  
  npm-install-checks@~3.0.0:
    version "3.0.0"
    resolved "https://registry.yarnpkg.com/npm-install-checks/-/npm-install-checks-3.0.0.tgz#d4aecdfd51a53e3723b7b2f93b2ee28e307bc0d7"
    dependencies:
      semver "^2.3.0 || 3.x || 4 || 5"
  
  "npm-package-arg@^3.0.0 || ^4.0.0", npm-package-arg@^4.1.1, npm-package-arg@~4.2.0:
    version "4.2.1"
    resolved "https://registry.yarnpkg.com/npm-package-arg/-/npm-package-arg-4.2.1.tgz#593303fdea85f7c422775f17f9eb7670f680e3ec"
    dependencies:
      hosted-git-info "^2.1.5"
      semver "^5.1.0"
  
  "npm-package-arg@^4.0.0 || ^5.0.0":
    version "5.1.2"
    resolved "https://registry.yarnpkg.com/npm-package-arg/-/npm-package-arg-5.1.2.tgz#fb18d17bb61e60900d6312619919bd753755ab37"
    dependencies:
      hosted-git-info "^2.4.2"
      osenv "^0.1.4"
      semver "^5.1.0"
      validate-npm-package-name "^3.0.0"
  
  npm-path@^2.0.2, npm-path@^2.0.3:
    version "2.0.4"
    resolved "https://registry.yarnpkg.com/npm-path/-/npm-path-2.0.4.tgz#c641347a5ff9d6a09e4d9bce5580c4f505278e64"
    dependencies:
      which "^1.2.10"
  
  npm-registry-client@~7.2.1:
    version "7.2.1"
    resolved "https://registry.yarnpkg.com/npm-registry-client/-/npm-registry-client-7.2.1.tgz#c792266b088cc313f8525e7e35248626c723db75"
    dependencies:
      concat-stream "^1.5.2"
      graceful-fs "^4.1.6"
      normalize-package-data "~1.0.1 || ^2.0.0"
      npm-package-arg "^3.0.0 || ^4.0.0"
      once "^1.3.3"
      request "^2.74.0"
      retry "^0.10.0"
      semver "2 >=2.2.1 || 3.x || 4 || 5"
      slide "^1.1.3"
    optionalDependencies:
      npmlog "~2.0.0 || ~3.1.0"
  
  npm-run-path@^2.0.0:
    version "2.0.2"
    resolved "https://registry.yarnpkg.com/npm-run-path/-/npm-run-path-2.0.2.tgz#35a9232dfa35d7067b4cb2ddf2357b1871536c5f"
    dependencies:
      path-key "^2.0.0"
  
  npm-run@^4.1.2:
    version "4.1.2"
    resolved "https://registry.yarnpkg.com/npm-run/-/npm-run-4.1.2.tgz#1030e1ec56908c89fcc3fa366d03a2c2ba98eb99"
    dependencies:
      cross-spawn "^5.1.0"
      minimist "^1.2.0"
      npm-path "^2.0.3"
      npm-which "^3.0.1"
      serializerr "^1.0.3"
      sync-exec "^0.6.2"
  
  npm-user-validate@~0.1.5:
    version "0.1.5"
    resolved "https://registry.yarnpkg.com/npm-user-validate/-/npm-user-validate-0.1.5.tgz#52465d50c2d20294a57125b996baedbf56c5004b"
  
  npm-which@^3.0.1:
    version "3.0.1"
    resolved "https://registry.yarnpkg.com/npm-which/-/npm-which-3.0.1.tgz#9225f26ec3a285c209cae67c3b11a6b4ab7140aa"
    dependencies:
      commander "^2.9.0"
      npm-path "^2.0.2"
      which "^1.2.10"
  
  npm@^3:
    version "3.10.10"
    resolved "http://registry.npmjs.org/npm/-/npm-3.10.10.tgz#5b1d577e4c8869d6c8603bc89e9cd1637303e46e"
    dependencies:
      abbrev "~1.0.9"
      ansicolors "~0.3.2"
      ansistyles "~0.1.3"
      aproba "~1.0.4"
      archy "~1.0.0"
      asap "~2.0.5"
      chownr "~1.0.1"
      cmd-shim "~2.0.2"
      columnify "~1.5.4"
      config-chain "~1.1.11"
      dezalgo "~1.0.3"
      editor "~1.0.0"
      fs-vacuum "~1.2.9"
      fs-write-stream-atomic "~1.0.8"
      fstream "~1.0.10"
      fstream-npm "~1.2.0"
      glob "~7.1.0"
      graceful-fs "~4.1.9"
      has-unicode "~2.0.1"
      hosted-git-info "~2.1.5"
      iferr "~0.1.5"
      inflight "~1.0.5"
      inherits "~2.0.3"
      ini "~1.3.4"
      init-package-json "~1.9.4"
      lockfile "~1.0.2"
      lodash._baseuniq "~4.6.0"
      lodash.clonedeep "~4.5.0"
      lodash.union "~4.6.0"
      lodash.uniq "~4.5.0"
      lodash.without "~4.4.0"
      mkdirp "~0.5.1"
      node-gyp "~3.4.0"
      nopt "~3.0.6"
      normalize-git-url "~3.0.2"
      normalize-package-data "~2.3.5"
      npm-cache-filename "~1.0.2"
      npm-install-checks "~3.0.0"
      npm-package-arg "~4.2.0"
      npm-registry-client "~7.2.1"
      npm-user-validate "~0.1.5"
      npmlog "~4.0.0"
      once "~1.4.0"
      opener "~1.4.2"
      osenv "~0.1.3"
      path-is-inside "~1.0.2"
      read "~1.0.7"
      read-cmd-shim "~1.0.1"
      read-installed "~4.0.3"
      read-package-json "~2.0.4"
      read-package-tree "~5.1.5"
      readable-stream "~2.1.5"
      realize-package-specifier "~3.0.3"
      request "~2.75.0"
      retry "~0.10.0"
      rimraf "~2.5.4"
      semver "~5.3.0"
      sha "~2.0.1"
      slide "~1.1.6"
      sorted-object "~2.0.1"
      strip-ansi "~3.0.1"
      tar "~2.2.1"
      text-table "~0.2.0"
      uid-number "0.0.6"
      umask "~1.1.0"
      unique-filename "~1.1.0"
      unpipe "~1.0.0"
      validate-npm-package-name "~2.2.2"
      which "~1.2.11"
      wrappy "~1.0.2"
      write-file-atomic "~1.2.0"
  
  "npmlog@0 || 1 || 2 || 3", "npmlog@~2.0.0 || ~3.1.0":
    version "3.1.2"
    resolved "https://registry.yarnpkg.com/npmlog/-/npmlog-3.1.2.tgz#2d46fa874337af9498a2f12bb43d8d0be4a36873"
    dependencies:
      are-we-there-yet "~1.1.2"
      console-control-strings "~1.1.0"
      gauge "~2.6.0"
      set-blocking "~2.0.0"
  
  npmlog@~4.0.0:
    version "4.0.2"
    resolved "https://registry.yarnpkg.com/npmlog/-/npmlog-4.0.2.tgz#d03950e0e78ce1527ba26d2a7592e9348ac3e75f"
    dependencies:
      are-we-there-yet "~1.1.2"
      console-control-strings "~1.1.0"
      gauge "~2.7.1"
      set-blocking "~2.0.0"
  
  number-is-nan@^1.0.0:
    version "1.0.1"
    resolved "https://registry.yarnpkg.com/number-is-nan/-/number-is-nan-1.0.1.tgz#097b602b53422a522c1afb8790318336941a011d"
  
  oauth-sign@~0.8.1:
    version "0.8.2"
    resolved "https://registry.yarnpkg.com/oauth-sign/-/oauth-sign-0.8.2.tgz#46a6ab7f0aead8deae9ec0565780b7d4efeb9d43"
  
  oauth-sign@~0.9.0:
    version "0.9.0"
    resolved "https://registry.yarnpkg.com/oauth-sign/-/oauth-sign-0.9.0.tgz#47a7b016baa68b5fa0ecf3dee08a85c679ac6455"
  
  object-assign@^4.0.1, object-assign@^4.1.0:
    version "4.1.1"
    resolved "https://registry.yarnpkg.com/object-assign/-/object-assign-4.1.1.tgz#2109adc7965887cfc05cbbd442cac8bfbb360863"
  
  object-keys@^1.0.12:
    version "1.0.12"
    resolved "https://registry.yarnpkg.com/object-keys/-/object-keys-1.0.12.tgz#09c53855377575310cca62f55bb334abff7b3ed2"
  
  once@^1.3.0, once@^1.3.3, once@~1.4.0:
    version "1.4.0"
    resolved "https://registry.yarnpkg.com/once/-/once-1.4.0.tgz#583b1aa775961d4b113ac17d9c50baef9dd76bd1"
    dependencies:
      wrappy "1"
  
  onetime@^2.0.0:
    version "2.0.1"
    resolved "https://registry.yarnpkg.com/onetime/-/onetime-2.0.1.tgz#067428230fd67443b2794b22bba528b6867962d4"
    dependencies:
      mimic-fn "^1.0.0"
  
  opener@~1.4.2:
    version "1.4.3"
    resolved "https://registry.yarnpkg.com/opener/-/opener-1.4.3.tgz#5c6da2c5d7e5831e8ffa3964950f8d6674ac90b8"
  
  os-homedir@^1.0.0:
    version "1.0.2"
    resolved "https://registry.yarnpkg.com/os-homedir/-/os-homedir-1.0.2.tgz#ffbc4988336e0e833de0c168c7ef152121aa7fb3"
  
  os-tmpdir@^1.0.0, os-tmpdir@~1.0.2:
    version "1.0.2"
    resolved "https://registry.yarnpkg.com/os-tmpdir/-/os-tmpdir-1.0.2.tgz#bbe67406c79aa85c5cfec766fe5734555dfa1274"
  
  osenv@0, osenv@^0.1.4, osenv@~0.1.3:
    version "0.1.5"
    resolved "https://registry.yarnpkg.com/osenv/-/osenv-0.1.5.tgz#85cdfafaeb28e8677f416e287592b5f3f49ea410"
    dependencies:
      os-homedir "^1.0.0"
      os-tmpdir "^1.0.0"
  
  outdent@^0.5.0:
    version "0.5.0"
    resolved "https://registry.yarnpkg.com/outdent/-/outdent-0.5.0.tgz#9e10982fdc41492bb473ad13840d22f9655be2ff"
  
  p-finally@^1.0.0:
    version "1.0.0"
    resolved "https://registry.yarnpkg.com/p-finally/-/p-finally-1.0.0.tgz#3fbcfb15b899a44123b34b6dcc18b724336a2cae"
  
  p-limit@^1.1.0:
    version "1.3.0"
    resolved "https://registry.yarnpkg.com/p-limit/-/p-limit-1.3.0.tgz#b86bd5f0c25690911c7590fcbfc2010d54b3ccb8"
    dependencies:
      p-try "^1.0.0"
  
  p-locate@^2.0.0:
    version "2.0.0"
    resolved "https://registry.yarnpkg.com/p-locate/-/p-locate-2.0.0.tgz#20a0103b222a70c8fd39cc2e580680f3dde5ec43"
    dependencies:
      p-limit "^1.1.0"
  
  p-try@^1.0.0:
    version "1.0.0"
    resolved "https://registry.yarnpkg.com/p-try/-/p-try-1.0.0.tgz#cbc79cdbaf8fd4228e13f621f2b1a237c1b207b3"
  
  parse-json@^2.2.0:
    version "2.2.0"
    resolved "https://registry.yarnpkg.com/parse-json/-/parse-json-2.2.0.tgz#f480f40434ef80741f8469099f8dea18f55a4dc9"
    dependencies:
      error-ex "^1.2.0"
  
  parse-json@^4.0.0:
    version "4.0.0"
    resolved "https://registry.yarnpkg.com/parse-json/-/parse-json-4.0.0.tgz#be35f5425be1f7f6c747184f98a788cb99477ee0"
    dependencies:
      error-ex "^1.3.1"
      json-parse-better-errors "^1.0.1"
  
  path-array@^1.0.0:
    version "1.0.1"
    resolved "https://registry.yarnpkg.com/path-array/-/path-array-1.0.1.tgz#7e2f0f35f07a2015122b868b7eac0eb2c4fec271"
    dependencies:
      array-index "^1.0.0"
  
  path-exists@^3.0.0:
    version "3.0.0"
    resolved "https://registry.yarnpkg.com/path-exists/-/path-exists-3.0.0.tgz#ce0ebeaa5f78cb18925ea7d810d7b59b010fd515"
  
  path-is-absolute@^1.0.0:
    version "1.0.1"
    resolved "https://registry.yarnpkg.com/path-is-absolute/-/path-is-absolute-1.0.1.tgz#174b9268735534ffbc7ace6bf53a5a9e1b5c5f5f"
  
  path-is-inside@^1.0.1, path-is-inside@^1.0.2, path-is-inside@~1.0.2:
    version "1.0.2"
    resolved "https://registry.yarnpkg.com/path-is-inside/-/path-is-inside-1.0.2.tgz#365417dede44430d1c11af61027facf074bdfc53"
  
  path-key@^2.0.0, path-key@^2.0.1:
    version "2.0.1"
    resolved "https://registry.yarnpkg.com/path-key/-/path-key-2.0.1.tgz#411cadb574c5a140d3a4b1910d40d80cc9f40b40"
  
  path-type@^2.0.0:
    version "2.0.0"
    resolved "https://registry.yarnpkg.com/path-type/-/path-type-2.0.0.tgz#f012ccb8415b7096fc2daa1054c3d72389594c73"
    dependencies:
      pify "^2.0.0"
  
  path-type@^3.0.0:
    version "3.0.0"
    resolved "https://registry.yarnpkg.com/path-type/-/path-type-3.0.0.tgz#cef31dc8e0a1a3bb0d105c0cd97cf3bf47f4e36f"
    dependencies:
      pify "^3.0.0"
  
  performance-now@^2.1.0:
    version "2.1.0"
    resolved "https://registry.yarnpkg.com/performance-now/-/performance-now-2.1.0.tgz#6309f4e0e5fa913ec1c69307ae364b4b377c9e7b"
  
  pify@^2.0.0:
    version "2.3.0"
    resolved "https://registry.yarnpkg.com/pify/-/pify-2.3.0.tgz#ed141a6ac043a849ea588498e7dca8b15330e90c"
  
  pify@^3.0.0:
    version "3.0.0"
    resolved "https://registry.yarnpkg.com/pify/-/pify-3.0.0.tgz#e5a4acd2c101fdf3d9a4d07f0dbc4db49dd28176"
  
  pinkie-promise@^2.0.0:
    version "2.0.1"
    resolved "https://registry.yarnpkg.com/pinkie-promise/-/pinkie-promise-2.0.1.tgz#2135d6dfa7a358c069ac9b178776288228450ffa"
    dependencies:
      pinkie "^2.0.0"
  
  pinkie@^2.0.0:
    version "2.0.4"
    resolved "https://registry.yarnpkg.com/pinkie/-/pinkie-2.0.4.tgz#72556b80cfa0d48a974e80e77248e80ed4f7f870"
  
  pkg-up@^2.0.0:
    version "2.0.0"
    resolved "https://registry.yarnpkg.com/pkg-up/-/pkg-up-2.0.0.tgz#c819ac728059a461cab1c3889a2be3c49a004d7f"
    dependencies:
      find-up "^2.1.0"
  
  process-nextick-args@~1.0.6:
    version "1.0.7"
    resolved "https://registry.yarnpkg.com/process-nextick-args/-/process-nextick-args-1.0.7.tgz#150e20b756590ad3f91093f25a4f2ad8bff30ba3"
  
  process-nextick-args@~2.0.0:
    version "2.0.0"
    resolved "https://registry.yarnpkg.com/process-nextick-args/-/process-nextick-args-2.0.0.tgz#a37d732f4271b4ab1ad070d35508e8290788ffaa"
  
  project-bin-path@^1.1.0:
    version "1.1.1"
    resolved "https://registry.yarnpkg.com/project-bin-path/-/project-bin-path-1.1.1.tgz#7a8b3817f54c41a14cd5a6e904ca5400c34fc17b"
    dependencies:
      find-up "^2.1.0"
  
  projector-spawn@^1.0.1:
    version "1.0.1"
    resolved "https://registry.yarnpkg.com/projector-spawn/-/projector-spawn-1.0.1.tgz#0849a9a54d5a76a9293d8240b4374417653312cb"
    dependencies:
      cross-spawn "^5.1.0"
  
  promzard@^0.3.0:
    version "0.3.0"
    resolved "https://registry.yarnpkg.com/promzard/-/promzard-0.3.0.tgz#26a5d6ee8c7dee4cb12208305acfb93ba382a9ee"
    dependencies:
      read "1"
  
  proto-list@~1.2.1:
    version "1.2.4"
    resolved "https://registry.yarnpkg.com/proto-list/-/proto-list-1.2.4.tgz#212d5bfe1318306a420f6402b8e26ff39647a849"
  
  protochain@^1.0.5:
    version "1.0.5"
    resolved "https://registry.yarnpkg.com/protochain/-/protochain-1.0.5.tgz#991c407e99de264aadf8f81504b5e7faf7bfa260"
  
  pseudomap@^1.0.2:
    version "1.0.2"
    resolved "https://registry.yarnpkg.com/pseudomap/-/pseudomap-1.0.2.tgz#f052a28da70e618917ef0a8ac34c1ae5a68286b3"
  
  psl@^1.1.24:
    version "1.1.29"
    resolved "https://registry.yarnpkg.com/psl/-/psl-1.1.29.tgz#60f580d360170bb722a797cc704411e6da850c67"
  
  punycode@^1.4.1:
    version "1.4.1"
    resolved "https://registry.yarnpkg.com/punycode/-/punycode-1.4.1.tgz#c0d5a63b2718800ad8e1eb0fa5269c84dd41845e"
  
  qs@2.3.3:
    version "2.3.3"
    resolved "https://registry.yarnpkg.com/qs/-/qs-2.3.3.tgz#e9e85adbe75da0bbe4c8e0476a086290f863b404"
  
  qs@~6.2.0:
    version "6.2.3"
    resolved "https://registry.yarnpkg.com/qs/-/qs-6.2.3.tgz#1cfcb25c10a9b2b483053ff39f5dfc9233908cfe"
  
  qs@~6.5.2:
    version "6.5.2"
    resolved "https://registry.yarnpkg.com/qs/-/qs-6.5.2.tgz#cb3ae806e8740444584ef154ce8ee98d403f3e36"
  
  quick-lru@^1.0.0:
    version "1.1.0"
    resolved "https://registry.yarnpkg.com/quick-lru/-/quick-lru-1.1.0.tgz#4360b17c61136ad38078397ff11416e186dcfbb8"
  
  read-cmd-shim@^1.0.1, read-cmd-shim@~1.0.1:
    version "1.0.1"
    resolved "https://registry.yarnpkg.com/read-cmd-shim/-/read-cmd-shim-1.0.1.tgz#2d5d157786a37c055d22077c32c53f8329e91c7b"
    dependencies:
      graceful-fs "^4.1.2"
  
  read-installed@~4.0.3:
    version "4.0.3"
    resolved "https://registry.yarnpkg.com/read-installed/-/read-installed-4.0.3.tgz#ff9b8b67f187d1e4c29b9feb31f6b223acd19067"
    dependencies:
      debuglog "^1.0.1"
      read-package-json "^2.0.0"
      readdir-scoped-modules "^1.0.0"
      semver "2 || 3 || 4 || 5"
      slide "~1.1.3"
      util-extend "^1.0.1"
    optionalDependencies:
      graceful-fs "^4.1.2"
  
  "read-package-json@1 || 2", read-package-json@^2.0.0, read-package-json@~2.0.4:
    version "2.0.13"
    resolved "https://registry.yarnpkg.com/read-package-json/-/read-package-json-2.0.13.tgz#2e82ebd9f613baa6d2ebe3aa72cefe3f68e41f4a"
    dependencies:
      glob "^7.1.1"
      json-parse-better-errors "^1.0.1"
      normalize-package-data "^2.0.0"
      slash "^1.0.0"
    optionalDependencies:
      graceful-fs "^4.1.2"
  
  read-package-tree@~5.1.5:
    version "5.1.6"
    resolved "https://registry.yarnpkg.com/read-package-tree/-/read-package-tree-5.1.6.tgz#4f03e83d0486856fb60d97c94882841c2a7b1b7a"
    dependencies:
      debuglog "^1.0.1"
      dezalgo "^1.0.0"
      once "^1.3.0"
      read-package-json "^2.0.0"
      readdir-scoped-modules "^1.0.0"
  
  read-pkg-up@^3.0.0:
    version "3.0.0"
    resolved "https://registry.yarnpkg.com/read-pkg-up/-/read-pkg-up-3.0.0.tgz#3ed496685dba0f8fe118d0691dc51f4a1ff96f07"
    dependencies:
      find-up "^2.0.0"
      read-pkg "^3.0.0"
  
  read-pkg@^2.0.0:
    version "2.0.0"
    resolved "https://registry.yarnpkg.com/read-pkg/-/read-pkg-2.0.0.tgz#8ef1c0623c6a6db0dc6713c4bfac46332b2368f8"
    dependencies:
      load-json-file "^2.0.0"
      normalize-package-data "^2.3.2"
      path-type "^2.0.0"
  
  read-pkg@^3.0.0:
    version "3.0.0"
    resolved "https://registry.yarnpkg.com/read-pkg/-/read-pkg-3.0.0.tgz#9cbc686978fee65d16c00e2b19c237fcf6e38389"
    dependencies:
      load-json-file "^4.0.0"
      normalize-package-data "^2.3.2"
      path-type "^3.0.0"
  
  read@1, read@~1.0.1, read@~1.0.7:
    version "1.0.7"
    resolved "https://registry.yarnpkg.com/read/-/read-1.0.7.tgz#b3da19bd052431a97671d44a42634adf710b40c4"
    dependencies:
      mute-stream "~0.0.4"
  
  "readable-stream@1 || 2", readable-stream@^2.0.2, readable-stream@^2.0.6, readable-stream@^2.2.2:
    version "2.3.6"
    resolved "http://registry.npmjs.org/readable-stream/-/readable-stream-2.3.6.tgz#b11c27d88b8ff1fbe070643cf94b0c79ae1b0aaf"
    dependencies:
      core-util-is "~1.0.0"
      inherits "~2.0.3"
      isarray "~1.0.0"
      process-nextick-args "~2.0.0"
      safe-buffer "~5.1.1"
      string_decoder "~1.1.1"
      util-deprecate "~1.0.1"
  
  readable-stream@1.0.27-1:
    version "1.0.27-1"
    resolved "https://registry.yarnpkg.com/readable-stream/-/readable-stream-1.0.27-1.tgz#6b67983c20357cefd07f0165001a16d710d91078"
    dependencies:
      core-util-is "~1.0.0"
      inherits "~2.0.1"
      isarray "0.0.1"
      string_decoder "~0.10.x"
  
  readable-stream@~2.0.5:
    version "2.0.6"
    resolved "http://registry.npmjs.org/readable-stream/-/readable-stream-2.0.6.tgz#8f90341e68a53ccc928788dacfcd11b36eb9b78e"
    dependencies:
      core-util-is "~1.0.0"
      inherits "~2.0.1"
      isarray "~1.0.0"
      process-nextick-args "~1.0.6"
      string_decoder "~0.10.x"
      util-deprecate "~1.0.1"
  
  readable-stream@~2.1.5:
    version "2.1.5"
    resolved "http://registry.npmjs.org/readable-stream/-/readable-stream-2.1.5.tgz#66fa8b720e1438b364681f2ad1a63c618448c9d0"
    dependencies:
      buffer-shims "^1.0.0"
      core-util-is "~1.0.0"
      inherits "~2.0.1"
      isarray "~1.0.0"
      process-nextick-args "~1.0.6"
      string_decoder "~0.10.x"
      util-deprecate "~1.0.1"
  
  readdir-scoped-modules@*, readdir-scoped-modules@^1.0.0:
    version "1.0.2"
    resolved "https://registry.yarnpkg.com/readdir-scoped-modules/-/readdir-scoped-modules-1.0.2.tgz#9fafa37d286be5d92cbaebdee030dc9b5f406747"
    dependencies:
      debuglog "^1.0.1"
      dezalgo "^1.0.0"
      graceful-fs "^4.1.2"
      once "^1.3.0"
  
  realize-package-specifier@~3.0.3:
    version "3.0.3"
    resolved "https://registry.yarnpkg.com/realize-package-specifier/-/realize-package-specifier-3.0.3.tgz#d0def882952b8de3f67eba5e91199661271f41f4"
    dependencies:
      dezalgo "^1.0.1"
      npm-package-arg "^4.1.1"
  
  redent@^2.0.0:
    version "2.0.0"
    resolved "https://registry.yarnpkg.com/redent/-/redent-2.0.0.tgz#c1b2007b42d57eb1389079b3c8333639d5e1ccaa"
    dependencies:
      indent-string "^3.0.0"
      strip-indent "^2.0.0"
  
  reduce-component@1.0.1:
    version "1.0.1"
    resolved "https://registry.yarnpkg.com/reduce-component/-/reduce-component-1.0.1.tgz#e0c93542c574521bea13df0f9488ed82ab77c5da"
  
  regenerator-runtime@^0.11.0:
    version "0.11.1"
    resolved "https://registry.yarnpkg.com/regenerator-runtime/-/regenerator-runtime-0.11.1.tgz#be05ad7f9bf7d22e056f9726cee5017fbf19e2e9"
  
  request@2, request@^2.74.0:
    version "2.88.0"
    resolved "https://registry.yarnpkg.com/request/-/request-2.88.0.tgz#9c2fca4f7d35b592efe57c7f0a55e81052124fef"
    dependencies:
      aws-sign2 "~0.7.0"
      aws4 "^1.8.0"
      caseless "~0.12.0"
      combined-stream "~1.0.6"
      extend "~3.0.2"
      forever-agent "~0.6.1"
      form-data "~2.3.2"
      har-validator "~5.1.0"
      http-signature "~1.2.0"
      is-typedarray "~1.0.0"
      isstream "~0.1.2"
      json-stringify-safe "~5.0.1"
      mime-types "~2.1.19"
      oauth-sign "~0.9.0"
      performance-now "^2.1.0"
      qs "~6.5.2"
      safe-buffer "^5.1.2"
      tough-cookie "~2.4.3"
      tunnel-agent "^0.6.0"
      uuid "^3.3.2"
  
  request@~2.75.0:
    version "2.75.0"
    resolved "http://registry.npmjs.org/request/-/request-2.75.0.tgz#d2b8268a286da13eaa5d01adf5d18cc90f657d93"
    dependencies:
      aws-sign2 "~0.6.0"
      aws4 "^1.2.1"
      bl "~1.1.2"
      caseless "~0.11.0"
      combined-stream "~1.0.5"
      extend "~3.0.0"
      forever-agent "~0.6.1"
      form-data "~2.0.0"
      har-validator "~2.0.6"
      hawk "~3.1.3"
      http-signature "~1.1.0"
      is-typedarray "~1.0.0"
      isstream "~0.1.2"
      json-stringify-safe "~5.0.1"
      mime-types "~2.1.7"
      node-uuid "~1.4.7"
      oauth-sign "~0.8.1"
      qs "~6.2.0"
      stringstream "~0.0.4"
      tough-cookie "~2.3.0"
      tunnel-agent "~0.4.1"
  
  restore-cursor@^2.0.0:
    version "2.0.0"
    resolved "https://registry.yarnpkg.com/restore-cursor/-/restore-cursor-2.0.0.tgz#9f7ee287f82fd326d4fd162923d62129eee0dfaf"
    dependencies:
      onetime "^2.0.0"
      signal-exit "^3.0.2"
  
  retry@^0.10.0, retry@~0.10.0:
    version "0.10.1"
    resolved "https://registry.yarnpkg.com/retry/-/retry-0.10.1.tgz#e76388d217992c252750241d3d3956fed98d8ff4"
  
  rimraf@2, rimraf@^2.5.2, rimraf@^2.6.1:
    version "2.6.2"
    resolved "https://registry.yarnpkg.com/rimraf/-/rimraf-2.6.2.tgz#2ed8150d24a16ea8651e6d6ef0f47c4158ce7a36"
    dependencies:
      glob "^7.0.5"
  
  rimraf@~2.5.4:
    version "2.5.4"
    resolved "http://registry.npmjs.org/rimraf/-/rimraf-2.5.4.tgz#96800093cbf1a0c86bd95b4625467535c29dfa04"
    dependencies:
      glob "^7.0.5"
  
  run-async@^2.2.0, run-async@^2.3.0:
    version "2.3.0"
    resolved "https://registry.yarnpkg.com/run-async/-/run-async-2.3.0.tgz#0371ab4ae0bdd720d4166d7dfda64ff7a445a6c0"
    dependencies:
      is-promise "^2.1.0"
  
  rx-lite-aggregates@^4.0.8:
    version "4.0.8"
    resolved "https://registry.yarnpkg.com/rx-lite-aggregates/-/rx-lite-aggregates-4.0.8.tgz#753b87a89a11c95467c4ac1626c4efc4e05c67be"
    dependencies:
      rx-lite "*"
  
  rx-lite@*, rx-lite@^4.0.8:
    version "4.0.8"
    resolved "https://registry.yarnpkg.com/rx-lite/-/rx-lite-4.0.8.tgz#0b1e11af8bc44836f04a6407e92da42467b79444"
  
  rxjs@^5.5.2:
    version "5.5.11"
    resolved "https://registry.yarnpkg.com/rxjs/-/rxjs-5.5.11.tgz#f733027ca43e3bec6b994473be4ab98ad43ced87"
    dependencies:
      symbol-observable "1.0.1"
  
  safe-buffer@^5.0.1, safe-buffer@^5.1.2, safe-buffer@~5.1.0, safe-buffer@~5.1.1:
    version "5.1.2"
    resolved "https://registry.yarnpkg.com/safe-buffer/-/safe-buffer-5.1.2.tgz#991ec69d296e0313747d59bdfd2b745c35f8828d"
  
  "safer-buffer@>= 2.1.2 < 3", safer-buffer@^2.0.2, safer-buffer@^2.1.0, safer-buffer@~2.1.0:
    version "2.1.2"
    resolved "https://registry.yarnpkg.com/safer-buffer/-/safer-buffer-2.1.2.tgz#44fa161b0187b9549dd84bb91802f9bd8385cd6a"
  
  "semver@2 >=2.2.1 || 3.x || 4 || 5", "semver@2 || 3 || 4 || 5", "semver@2.x || 3.x || 4 || 5", "semver@^2.3.0 || 3.x || 4 || 5", semver@^5.1.0, semver@^5.4.1, semver@^5.5.0:
    version "5.5.1"
    resolved "https://registry.yarnpkg.com/semver/-/semver-5.5.1.tgz#7dfdd8814bdb7cabc7be0fb1d734cfb66c940477"
  
  semver@^4.1.0:
    version "4.3.6"
    resolved "https://registry.yarnpkg.com/semver/-/semver-4.3.6.tgz#300bc6e0e86374f7ba61068b5b1ecd57fc6532da"
  
  semver@~5.3.0:
    version "5.3.0"
    resolved "https://registry.yarnpkg.com/semver/-/semver-5.3.0.tgz#9b2ce5d3de02d17c6012ad326aa6b4d0cf54f94f"
  
  serializerr@^1.0.3:
    version "1.0.3"
    resolved "https://registry.yarnpkg.com/serializerr/-/serializerr-1.0.3.tgz#12d4c5aa1c3ffb8f6d1dc5f395aa9455569c3f91"
    dependencies:
      protochain "^1.0.5"
  
  set-blocking@~2.0.0:
    version "2.0.0"
    resolved "https://registry.yarnpkg.com/set-blocking/-/set-blocking-2.0.0.tgz#045f9782d011ae9a6803ddd382b24392b3d890f7"
  
  set-value@^0.4.3:
    version "0.4.3"
    resolved "https://registry.yarnpkg.com/set-value/-/set-value-0.4.3.tgz#7db08f9d3d22dc7f78e53af3c3bf4666ecdfccf1"
    dependencies:
      extend-shallow "^2.0.1"
      is-extendable "^0.1.1"
      is-plain-object "^2.0.1"
      to-object-path "^0.3.0"
  
  sha@~2.0.1:
    version "2.0.1"
    resolved "https://registry.yarnpkg.com/sha/-/sha-2.0.1.tgz#6030822fbd2c9823949f8f72ed6411ee5cf25aae"
    dependencies:
      graceful-fs "^4.1.2"
      readable-stream "^2.0.2"
  
  shebang-command@^1.2.0:
    version "1.2.0"
    resolved "https://registry.yarnpkg.com/shebang-command/-/shebang-command-1.2.0.tgz#44aac65b695b03398968c39f363fee5deafdf1ea"
    dependencies:
      shebang-regex "^1.0.0"
  
  shebang-regex@^1.0.0:
    version "1.0.0"
    resolved "https://registry.yarnpkg.com/shebang-regex/-/shebang-regex-1.0.0.tgz#da42f49740c0b42db2ca9728571cb190c98efea3"
  
  signal-exit@^3.0.0, signal-exit@^3.0.2:
    version "3.0.2"
    resolved "https://registry.yarnpkg.com/signal-exit/-/signal-exit-3.0.2.tgz#b5fdc08f1287ea1178628e415e25132b73646c6d"
  
  slash@^1.0.0:
    version "1.0.0"
    resolved "https://registry.yarnpkg.com/slash/-/slash-1.0.0.tgz#c41f2f6c39fc16d1cd17ad4b5d896114ae470d55"
  
  slide@^1.1.3, slide@^1.1.5, slide@~1.1.3, slide@~1.1.6:
    version "1.1.6"
    resolved "https://registry.yarnpkg.com/slide/-/slide-1.1.6.tgz#56eb027d65b4d2dce6cb2e2d32c4d4afc9e1d707"
  
  sntp@1.x.x:
    version "1.0.9"
    resolved "https://registry.yarnpkg.com/sntp/-/sntp-1.0.9.tgz#6541184cc90aeea6c6e7b35e2659082443c66198"
    dependencies:
      hoek "2.x.x"
  
  sort-asc@^0.2.0:
    version "0.2.0"
    resolved "https://registry.yarnpkg.com/sort-asc/-/sort-asc-0.2.0.tgz#00a49e947bc25d510bfde2cbb8dffda9f50eb2fc"
  
  sort-desc@^0.2.0:
    version "0.2.0"
    resolved "https://registry.yarnpkg.com/sort-desc/-/sort-desc-0.2.0.tgz#280c1bdafc6577887cedbad1ed2e41c037976646"
  
  sort-object@^3.0.2:
    version "3.0.2"
    resolved "https://registry.yarnpkg.com/sort-object/-/sort-object-3.0.2.tgz#daf2b693f611f7dd2a21b82b805e4eac230f755e"
    dependencies:
      bytewise "^1.1.0"
      get-value "^2.0.2"
      is-extendable "^0.1.1"
      sort-asc "^0.2.0"
      sort-desc "^0.2.0"
      union-value "^0.2.3"
  
  sorted-object@~2.0.1:
    version "2.0.1"
    resolved "https://registry.yarnpkg.com/sorted-object/-/sorted-object-2.0.1.tgz#7d631f4bd3a798a24af1dffcfbfe83337a5df5fc"
  
  spawndamnit@^2.0.0:
    version "2.0.0"
    resolved "https://registry.yarnpkg.com/spawndamnit/-/spawndamnit-2.0.0.tgz#9f762ac5c3476abb994b42ad592b5ad22bb4b0ad"
    dependencies:
      cross-spawn "^5.1.0"
      signal-exit "^3.0.2"
  
  spdx-correct@^3.0.0:
    version "3.0.0"
    resolved "https://registry.yarnpkg.com/spdx-correct/-/spdx-correct-3.0.0.tgz#05a5b4d7153a195bc92c3c425b69f3b2a9524c82"
    dependencies:
      spdx-expression-parse "^3.0.0"
      spdx-license-ids "^3.0.0"
  
  spdx-exceptions@^2.1.0:
    version "2.1.0"
    resolved "https://registry.yarnpkg.com/spdx-exceptions/-/spdx-exceptions-2.1.0.tgz#2c7ae61056c714a5b9b9b2b2af7d311ef5c78fe9"
  
  spdx-expression-parse@^3.0.0:
    version "3.0.0"
    resolved "https://registry.yarnpkg.com/spdx-expression-parse/-/spdx-expression-parse-3.0.0.tgz#99e119b7a5da00e05491c9fa338b7904823b41d0"
    dependencies:
      spdx-exceptions "^2.1.0"
      spdx-license-ids "^3.0.0"
  
  spdx-license-ids@^3.0.0:
    version "3.0.0"
    resolved "https://registry.yarnpkg.com/spdx-license-ids/-/spdx-license-ids-3.0.0.tgz#7a7cd28470cc6d3a1cfe6d66886f6bc430d3ac87"
  
  sshpk@^1.7.0:
    version "1.14.2"
    resolved "https://registry.yarnpkg.com/sshpk/-/sshpk-1.14.2.tgz#c6fc61648a3d9c4e764fd3fcdf4ea105e492ba98"
    dependencies:
      asn1 "~0.2.3"
      assert-plus "^1.0.0"
      dashdash "^1.12.0"
      getpass "^0.1.1"
      safer-buffer "^2.0.2"
    optionalDependencies:
      bcrypt-pbkdf "^1.0.0"
      ecc-jsbn "~0.1.1"
      jsbn "~0.1.0"
      tweetnacl "~0.14.0"
  
  string-width@^1.0.1:
    version "1.0.2"
    resolved "https://registry.yarnpkg.com/string-width/-/string-width-1.0.2.tgz#118bdf5b8cdc51a2a7e70d211e07e2b0b9b107d3"
    dependencies:
      code-point-at "^1.0.0"
      is-fullwidth-code-point "^1.0.0"
      strip-ansi "^3.0.0"
  
  "string-width@^1.0.2 || 2", string-width@^2.0.0, string-width@^2.1.0, string-width@^2.1.1:
    version "2.1.1"
    resolved "https://registry.yarnpkg.com/string-width/-/string-width-2.1.1.tgz#ab93f27a8dc13d28cac815c462143a6d9012ae9e"
    dependencies:
      is-fullwidth-code-point "^2.0.0"
      strip-ansi "^4.0.0"
  
  string_decoder@~0.10.x:
    version "0.10.31"
    resolved "https://registry.yarnpkg.com/string_decoder/-/string_decoder-0.10.31.tgz#62e203bc41766c6c28c9fc84301dab1c5310fa94"
  
  string_decoder@~1.1.1:
    version "1.1.1"
    resolved "https://registry.yarnpkg.com/string_decoder/-/string_decoder-1.1.1.tgz#9cf1611ba62685d7030ae9e4ba34149c3af03fc8"
    dependencies:
      safe-buffer "~5.1.0"
  
  stringstream@~0.0.4:
    version "0.0.6"
    resolved "https://registry.yarnpkg.com/stringstream/-/stringstream-0.0.6.tgz#7880225b0d4ad10e30927d167a1d6f2fd3b33a72"
  
  strip-ansi@^3.0.0, strip-ansi@^3.0.1, strip-ansi@~3.0.1:
    version "3.0.1"
    resolved "https://registry.yarnpkg.com/strip-ansi/-/strip-ansi-3.0.1.tgz#6a385fb8853d952d5ff05d0e8aaf94278dc63dcf"
    dependencies:
      ansi-regex "^2.0.0"
  
  strip-ansi@^4.0.0:
    version "4.0.0"
    resolved "https://registry.yarnpkg.com/strip-ansi/-/strip-ansi-4.0.0.tgz#a8479022eb1ac368a871389b635262c505ee368f"
    dependencies:
      ansi-regex "^3.0.0"
  
  strip-bom@^3.0.0:
    version "3.0.0"
    resolved "https://registry.yarnpkg.com/strip-bom/-/strip-bom-3.0.0.tgz#2334c18e9c759f7bdd56fdef7e9ae3d588e68ed3"
  
  strip-eof@^1.0.0:
    version "1.0.0"
    resolved "https://registry.yarnpkg.com/strip-eof/-/strip-eof-1.0.0.tgz#bb43ff5598a6eb05d89b59fcd129c983313606bf"
  
  strip-indent@^2.0.0:
    version "2.0.0"
    resolved "https://registry.yarnpkg.com/strip-indent/-/strip-indent-2.0.0.tgz#5ef8db295d01e6ed6cbf7aab96998d7822527b68"
  
  superagent@^1.4.0:
    version "1.8.5"
    resolved "https://registry.yarnpkg.com/superagent/-/superagent-1.8.5.tgz#1c0ddc3af30e80eb84ebc05cb2122da8fe940b55"
    dependencies:
      component-emitter "~1.2.0"
      cookiejar "2.0.6"
      debug "2"
      extend "3.0.0"
      form-data "1.0.0-rc3"
      formidable "~1.0.14"
      methods "~1.1.1"
      mime "1.3.4"
      qs "2.3.3"
      readable-stream "1.0.27-1"
      reduce-component "1.0.1"
  
  supports-color@^2.0.0:
    version "2.0.0"
    resolved "https://registry.yarnpkg.com/supports-color/-/supports-color-2.0.0.tgz#535d045ce6b6363fa40117084629995e9df324c7"
  
  supports-color@^5.3.0:
    version "5.5.0"
    resolved "https://registry.yarnpkg.com/supports-color/-/supports-color-5.5.0.tgz#e2e69a44ac8772f78a1ec0b35b689df6530efc8f"
    dependencies:
      has-flag "^3.0.0"
  
  symbol-observable@1.0.1:
    version "1.0.1"
    resolved "https://registry.yarnpkg.com/symbol-observable/-/symbol-observable-1.0.1.tgz#8340fc4702c3122df5d22288f88283f513d3fdd4"
  
  sync-exec@^0.6.2:
    version "0.6.2"
    resolved "https://registry.yarnpkg.com/sync-exec/-/sync-exec-0.6.2.tgz#717d22cc53f0ce1def5594362f3a89a2ebb91105"
  
  tar@^2.0.0, tar@~2.2.1:
    version "2.2.1"
    resolved "https://registry.yarnpkg.com/tar/-/tar-2.2.1.tgz#8e4d2a256c0e2185c6b18ad694aec968b83cb1d1"
    dependencies:
      block-stream "*"
      fstream "^1.0.2"
      inherits "2"
  
  task-graph-runner@^1.0.1:
    version "1.0.2"
    resolved "https://registry.yarnpkg.com/task-graph-runner/-/task-graph-runner-1.0.2.tgz#dfc73e4f92d74b974a854ccd3b2a8c7f1fbf4137"
    dependencies:
      array-includes "^3.0.3"
  
  temp-dir@^1.0.0:
    version "1.0.0"
    resolved "https://registry.yarnpkg.com/temp-dir/-/temp-dir-1.0.0.tgz#0a7c0ea26d3a39afa7e0ebea9c1fc0bc4daa011d"
  
  temp-write@^3.4.0:
    version "3.4.0"
    resolved "https://registry.yarnpkg.com/temp-write/-/temp-write-3.4.0.tgz#8cff630fb7e9da05f047c74ce4ce4d685457d492"
    dependencies:
      graceful-fs "^4.1.2"
      is-stream "^1.1.0"
      make-dir "^1.0.0"
      pify "^3.0.0"
      temp-dir "^1.0.0"
      uuid "^3.0.1"
  
  term-size@^1.2.0:
    version "1.2.0"
    resolved "https://registry.yarnpkg.com/term-size/-/term-size-1.2.0.tgz#458b83887f288fc56d6fffbfad262e26638efa69"
    dependencies:
      execa "^0.7.0"
  
  text-table@~0.2.0:
    version "0.2.0"
    resolved "https://registry.yarnpkg.com/text-table/-/text-table-0.2.0.tgz#7f5ee823ae805207c00af2df4a84ec3fcfa570b4"
  
  through@^2.3.6:
    version "2.3.8"
    resolved "https://registry.yarnpkg.com/through/-/through-2.3.8.tgz#0dd4c9ffaabc357960b1b724115d7e0e86a2e1f5"
  
  tmp@^0.0.33:
    version "0.0.33"
    resolved "https://registry.yarnpkg.com/tmp/-/tmp-0.0.33.tgz#6d34335889768d21b2bcda0aa277ced3b1bfadf9"
    dependencies:
      os-tmpdir "~1.0.2"
  
  to-object-path@^0.3.0:
    version "0.3.0"
    resolved "https://registry.yarnpkg.com/to-object-path/-/to-object-path-0.3.0.tgz#297588b7b0e7e0ac08e04e672f85c1f4999e17af"
    dependencies:
      kind-of "^3.0.2"
  
  tough-cookie@~2.3.0:
    version "2.3.4"
    resolved "https://registry.yarnpkg.com/tough-cookie/-/tough-cookie-2.3.4.tgz#ec60cee38ac675063ffc97a5c18970578ee83655"
    dependencies:
      punycode "^1.4.1"
  
  tough-cookie@~2.4.3:
    version "2.4.3"
    resolved "https://registry.yarnpkg.com/tough-cookie/-/tough-cookie-2.4.3.tgz#53f36da3f47783b0925afa06ff9f3b165280f781"
    dependencies:
      psl "^1.1.24"
      punycode "^1.4.1"
  
  trim-newlines@^2.0.0:
    version "2.0.0"
    resolved "https://registry.yarnpkg.com/trim-newlines/-/trim-newlines-2.0.0.tgz#b403d0b91be50c331dfc4b82eeceb22c3de16d20"
  
  tunnel-agent@^0.6.0:
    version "0.6.0"
    resolved "https://registry.yarnpkg.com/tunnel-agent/-/tunnel-agent-0.6.0.tgz#27a5dea06b36b04a0a9966774b290868f0fc40fd"
    dependencies:
      safe-buffer "^5.0.1"
  
  tunnel-agent@~0.4.1:
    version "0.4.3"
    resolved "https://registry.yarnpkg.com/tunnel-agent/-/tunnel-agent-0.4.3.tgz#6373db76909fe570e08d73583365ed828a74eeeb"
  
  tweetnacl@^0.14.3, tweetnacl@~0.14.0:
    version "0.14.5"
    resolved "https://registry.yarnpkg.com/tweetnacl/-/tweetnacl-0.14.5.tgz#5ae68177f192d4456269d108afa93ff8743f4f64"
  
  typeable-promisify@^2.0.1:
    version "2.0.1"
    resolved "https://registry.yarnpkg.com/typeable-promisify/-/typeable-promisify-2.0.1.tgz#1baee82abaf13280198eb11e98589c881a6bd80d"
    dependencies:
      any-promise "^1.3.0"
  
  typedarray@^0.0.6:
    version "0.0.6"
    resolved "https://registry.yarnpkg.com/typedarray/-/typedarray-0.0.6.tgz#867ac74e3864187b1d3d47d996a78ec5c8830777"
  
  typewise-core@^1.2, typewise-core@^1.2.0:
    version "1.2.0"
    resolved "https://registry.yarnpkg.com/typewise-core/-/typewise-core-1.2.0.tgz#97eb91805c7f55d2f941748fa50d315d991ef195"
  
  typewise@^1.0.3:
    version "1.0.3"
    resolved "https://registry.yarnpkg.com/typewise/-/typewise-1.0.3.tgz#1067936540af97937cc5dcf9922486e9fa284651"
    dependencies:
      typewise-core "^1.2.0"
  
  uid-number@0.0.6:
    version "0.0.6"
    resolved "https://registry.yarnpkg.com/uid-number/-/uid-number-0.0.6.tgz#0ea10e8035e8eb5b8e4449f06da1c730663baa81"
  
  umask@~1.1.0:
    version "1.1.0"
    resolved "https://registry.yarnpkg.com/umask/-/umask-1.1.0.tgz#f29cebf01df517912bb58ff9c4e50fde8e33320d"
  
  union-value@^0.2.3:
    version "0.2.4"
    resolved "https://registry.yarnpkg.com/union-value/-/union-value-0.2.4.tgz#7375152786679057e7b37aa676e83468fc0274f0"
    dependencies:
      arr-union "^3.1.0"
      get-value "^2.0.6"
      is-extendable "^0.1.1"
      set-value "^0.4.3"
  
  unique-filename@~1.1.0:
    version "1.1.0"
    resolved "https://registry.yarnpkg.com/unique-filename/-/unique-filename-1.1.0.tgz#d05f2fe4032560871f30e93cbe735eea201514f3"
    dependencies:
      unique-slug "^2.0.0"
  
  unique-slug@^2.0.0:
    version "2.0.0"
    resolved "https://registry.yarnpkg.com/unique-slug/-/unique-slug-2.0.0.tgz#db6676e7c7cc0629878ff196097c78855ae9f4ab"
    dependencies:
      imurmurhash "^0.1.4"
  
  unpipe@~1.0.0:
    version "1.0.0"
    resolved "https://registry.yarnpkg.com/unpipe/-/unpipe-1.0.0.tgz#b2bf4ee8514aae6165b4817829d21b2ef49904ec"
  
  util-deprecate@~1.0.1:
    version "1.0.2"
    resolved "https://registry.yarnpkg.com/util-deprecate/-/util-deprecate-1.0.2.tgz#450d4dc9fa70de732762fbd2d4a28981419a0ccf"
  
  util-extend@^1.0.1:
    version "1.0.3"
    resolved "https://registry.yarnpkg.com/util-extend/-/util-extend-1.0.3.tgz#a7c216d267545169637b3b6edc6ca9119e2ff93f"
  
  uuid@^3.0.1, uuid@^3.1.0, uuid@^3.3.2:
    version "3.3.2"
    resolved "https://registry.yarnpkg.com/uuid/-/uuid-3.3.2.tgz#1b4af4955eb3077c501c23872fc6513811587131"
  
  validate-npm-package-license@*, validate-npm-package-license@^3.0.1:
    version "3.0.4"
    resolved "https://registry.yarnpkg.com/validate-npm-package-license/-/validate-npm-package-license-3.0.4.tgz#fc91f6b9c7ba15c857f4cb2c5defeec39d4f410a"
    dependencies:
      spdx-correct "^3.0.0"
      spdx-expression-parse "^3.0.0"
  
  validate-npm-package-name@^3.0.0:
    version "3.0.0"
    resolved "https://registry.yarnpkg.com/validate-npm-package-name/-/validate-npm-package-name-3.0.0.tgz#5fa912d81eb7d0c74afc140de7317f0ca7df437e"
    dependencies:
      builtins "^1.0.3"
  
  validate-npm-package-name@~2.2.2:
    version "2.2.2"
    resolved "https://registry.yarnpkg.com/validate-npm-package-name/-/validate-npm-package-name-2.2.2.tgz#f65695b22f7324442019a3c7fa39a6e7fd299085"
    dependencies:
      builtins "0.0.7"
  
  verror@1.10.0:
    version "1.10.0"
    resolved "https://registry.yarnpkg.com/verror/-/verror-1.10.0.tgz#3a105ca17053af55d6e270c1f8288682e18da400"
    dependencies:
      assert-plus "^1.0.0"
      core-util-is "1.0.2"
      extsprintf "^1.2.0"
  
  wcwidth@^1.0.0:
    version "1.0.1"
    resolved "https://registry.yarnpkg.com/wcwidth/-/wcwidth-1.0.1.tgz#f0b0dcf915bc5ff1528afadb2c0e17b532da2fe8"
    dependencies:
      defaults "^1.0.3"
  
  which@1, which@^1.2.10, which@^1.2.9:
    version "1.3.1"
    resolved "https://registry.yarnpkg.com/which/-/which-1.3.1.tgz#a45043d54f5805316da8d62f9f50918d3da70b0a"
    dependencies:
      isexe "^2.0.0"
  
  which@~1.2.11:
    version "1.2.14"
    resolved "https://registry.yarnpkg.com/which/-/which-1.2.14.tgz#9a87c4378f03e827cecaf1acdf56c736c01c14e5"
    dependencies:
      isexe "^2.0.0"
  
  wide-align@^1.1.0:
    version "1.1.3"
    resolved "https://registry.yarnpkg.com/wide-align/-/wide-align-1.1.3.tgz#ae074e6bdc0c14a431e804e624549c633b000457"
    dependencies:
      string-width "^1.0.2 || 2"
  
  widest-line@^2.0.0:
    version "2.0.0"
    resolved "https://registry.yarnpkg.com/widest-line/-/widest-line-2.0.0.tgz#0142a4e8a243f8882c0233aa0e0281aa76152273"
    dependencies:
      string-width "^2.1.1"
  
  wrappy@1, wrappy@~1.0.2:
    version "1.0.2"
    resolved "https://registry.yarnpkg.com/wrappy/-/wrappy-1.0.2.tgz#b5243d8f3ec1aa35f1364605bc0d1036e30ab69f"
  
  write-file-atomic@~1.2.0:
    version "1.2.0"
    resolved "https://registry.yarnpkg.com/write-file-atomic/-/write-file-atomic-1.2.0.tgz#14c66d4e4cb3ca0565c28cf3b7a6f3e4d5938fab"
    dependencies:
      graceful-fs "^4.1.2"
      imurmurhash "^0.1.4"
      slide "^1.1.5"
  
  xtend@^4.0.0:
    version "4.0.1"
    resolved "https://registry.yarnpkg.com/xtend/-/xtend-4.0.1.tgz#a5c6d532be656e23db820efb943a1f04998d63af"
  
  yallist@^2.1.2:
    version "2.1.2"
    resolved "https://registry.yarnpkg.com/yallist/-/yallist-2.1.2.tgz#1c11f9218f076089a47dd512f93c6699a6a81d52"
  
  yarn@^1.6.0, yarn@^1.9.4:
    version "1.9.4"
    resolved "https://registry.yarnpkg.com/yarn/-/yarn-1.9.4.tgz#3b82d8446b652775723900b470d966861976924b"
